{"total": {"lines":{"total":650,"covered":455,"skipped":0,"pct":70},"statements":{"total":722,"covered":484,"skipped":0,"pct":67.03},"functions":{"total":94,"covered":57,"skipped":0,"pct":60.63},"branches":{"total":358,"covered":196,"skipped":0,"pct":54.74},"branchesTrue":{"total":0,"covered":0,"skipped":0,"pct":100}}
,"/home/shai/projects/unik/qa/MERN-Stack-Ecommerce-App/backend/pineconeClient.js": {"lines":{"total":40,"covered":39,"skipped":0,"pct":97.5},"functions":{"total":9,"covered":9,"skipped":0,"pct":100},"statements":{"total":43,"covered":42,"skipped":0,"pct":97.67},"branches":{"total":39,"covered":27,"skipped":0,"pct":69.23}}
,"/home/shai/projects/unik/qa/MERN-Stack-Ecommerce-App/backend/middleware/auth.js": {"lines":{"total":11,"covered":11,"skipped":0,"pct":100},"functions":{"total":1,"covered":1,"skipped":0,"pct":100},"statements":{"total":11,"covered":11,"skipped":0,"pct":100},"branches":{"total":2,"covered":2,"skipped":0,"pct":100}}
,"/home/shai/projects/unik/qa/MERN-Stack-Ecommerce-App/backend/models/order.js": {"lines":{"total":29,"covered":28,"skipped":0,"pct":96.55},"functions":{"total":2,"covered":2,"skipped":0,"pct":100},"statements":{"total":30,"covered":29,"skipped":0,"pct":96.66},"branches":{"total":6,"covered":5,"skipped":0,"pct":83.33}}
,"/home/shai/projects/unik/qa/MERN-Stack-Ecommerce-App/backend/models/product.js": {"lines":{"total":40,"covered":12,"skipped":0,"pct":30},"functions":{"total":16,"covered":0,"skipped":0,"pct":0},"statements":{"total":46,"covered":12,"skipped":0,"pct":26.08},"branches":{"total":18,"covered":0,"skipped":0,"pct":0}}
,"/home/shai/projects/unik/qa/MERN-Stack-Ecommerce-App/backend/models/user.js": {"lines":{"total":3,"covered":3,"skipped":0,"pct":100},"functions":{"total":0,"covered":0,"skipped":0,"pct":100},"statements":{"total":3,"covered":3,"skipped":0,"pct":100},"branches":{"total":0,"covered":0,"skipped":0,"pct":100}}
,"/home/shai/projects/unik/qa/MERN-Stack-Ecommerce-App/backend/routes/auth.js": {"lines":{"total":72,"covered":64,"skipped":0,"pct":88.88},"functions":{"total":6,"covered":6,"skipped":0,"pct":100},"statements":{"total":74,"covered":64,"skipped":0,"pct":86.48},"branches":{"total":22,"covered":20,"skipped":0,"pct":90.9}}
,"/home/shai/projects/unik/qa/MERN-Stack-Ecommerce-App/backend/routes/checkout.js": {"lines":{"total":64,"covered":58,"skipped":0,"pct":90.62},"functions":{"total":7,"covered":7,"skipped":0,"pct":100},"statements":{"total":69,"covered":63,"skipped":0,"pct":91.3},"branches":{"total":41,"covered":34,"skipped":0,"pct":82.92}}
,"/home/shai/projects/unik/qa/MERN-Stack-Ecommerce-App/backend/routes/orders.js": {"lines":{"total":32,"covered":28,"skipped":0,"pct":87.5},"functions":{"total":1,"covered":1,"skipped":0,"pct":100},"statements":{"total":32,"covered":28,"skipped":0,"pct":87.5},"branches":{"total":20,"covered":13,"skipped":0,"pct":65}}
,"/home/shai/projects/unik/qa/MERN-Stack-Ecommerce-App/backend/routes/products.js": {"lines":{"total":267,"covered":122,"skipped":0,"pct":45.69},"functions":{"total":38,"covered":17,"skipped":0,"pct":44.73},"statements":{"total":308,"covered":131,"skipped":0,"pct":42.53},"branches":{"total":146,"covered":43,"skipped":0,"pct":29.45}}
,"/home/shai/projects/unik/qa/MERN-Stack-Ecommerce-App/backend/routes/search.js": {"lines":{"total":18,"covered":18,"skipped":0,"pct":100},"functions":{"total":3,"covered":3,"skipped":0,"pct":100},"statements":{"total":19,"covered":19,"skipped":0,"pct":100},"branches":{"total":6,"covered":6,"skipped":0,"pct":100}}
,"/home/shai/projects/unik/qa/MERN-Stack-Ecommerce-App/backend/services/embeddingService.js": {"lines":{"total":33,"covered":32,"skipped":0,"pct":96.96},"functions":{"total":5,"covered":5,"skipped":0,"pct":100},"statements":{"total":37,"covered":34,"skipped":0,"pct":91.89},"branches":{"total":20,"covered":15,"skipped":0,"pct":75}}
,"/home/shai/projects/unik/qa/MERN-Stack-Ecommerce-App/backend/services/pineconeSync.js": {"lines":{"total":41,"covered":40,"skipped":0,"pct":97.56},"functions":{"total":6,"covered":6,"skipped":0,"pct":100},"statements":{"total":50,"covered":48,"skipped":0,"pct":96},"branches":{"total":38,"covered":31,"skipped":0,"pct":81.57}}
}
