{"/home/shai/projects/unik/qa/MERN-Stack-Ecommerce-App/backend/pineconeClient.js": {"path":"/home/shai/projects/unik/qa/MERN-Stack-Ecommerce-App/backend/pineconeClient.js","statementMap":{"0":{"start":{"line":1,"column":14},"end":{"line":1,"column":30}},"1":{"start":{"line":3,"column":25},"end":{"line":3,"column":61}},"2":{"start":{"line":7,"column":22},"end":{"line":25,"column":1}},"3":{"start":{"line":8,"column":46},"end":{"line":8,"column":57}},"4":{"start":{"line":9,"column":2},"end":{"line":11,"column":3}},"5":{"start":{"line":10,"column":4},"end":{"line":10,"column":86}},"6":{"start":{"line":13,"column":2},"end":{"line":23,"column":3}},"7":{"start":{"line":14,"column":20},"end":{"line":14,"column":52}},"8":{"start":{"line":15,"column":4},"end":{"line":22,"column":7}},"9":{"start":{"line":24,"column":2},"end":{"line":24,"column":20}},"10":{"start":{"line":27,"column":22},"end":{"line":33,"column":1}},"11":{"start":{"line":28,"column":2},"end":{"line":28,"column":57}},"12":{"start":{"line":28,"column":50},"end":{"line":28,"column":57}},"13":{"start":{"line":29,"column":2},"end":{"line":32,"column":5}},"14":{"start":{"line":35,"column":27},"end":{"line":38,"column":1}},"15":{"start":{"line":36,"column":19},"end":{"line":36,"column":74}},"16":{"start":{"line":37,"column":2},"end":{"line":37,"column":14}},"17":{"start":{"line":40,"column":32},"end":{"line":51,"column":1}},"18":{"start":{"line":41,"column":2},"end":{"line":50,"column":3}},"19":{"start":{"line":42,"column":18},"end":{"line":42,"column":44}},"20":{"start":{"line":43,"column":4},"end":{"line":43,"column":60}},"21":{"start":{"line":45,"column":4},"end":{"line":47,"column":5}},"22":{"start":{"line":46,"column":6},"end":{"line":46,"column":15}},"23":{"start":{"line":48,"column":4},"end":{"line":48,"column":85}},"24":{"start":{"line":49,"column":4},"end":{"line":49,"column":13}},"25":{"start":{"line":53,"column":21},"end":{"line":62,"column":1}},"26":{"start":{"line":54,"column":2},"end":{"line":54,"column":52}},"27":{"start":{"line":54,"column":42},"end":{"line":54,"column":52}},"28":{"start":{"line":55,"column":19},"end":{"line":60,"column":4}},"29":{"start":{"line":61,"column":2},"end":{"line":61,"column":29}},"30":{"start":{"line":64,"column":18},"end":{"line":72,"column":1}},"31":{"start":{"line":65,"column":19},"end":{"line":70,"column":4}},"32":{"start":{"line":71,"column":2},"end":{"line":71,"column":14}},"33":{"start":{"line":74,"column":22},"end":{"line":82,"column":1}},"34":{"start":{"line":75,"column":19},"end":{"line":80,"column":4}},"35":{"start":{"line":81,"column":2},"end":{"line":81,"column":14}},"36":{"start":{"line":84,"column":22},"end":{"line":90,"column":1}},"37":{"start":{"line":85,"column":2},"end":{"line":85,"column":49}},"38":{"start":{"line":85,"column":42},"end":{"line":85,"column":49}},"39":{"start":{"line":86,"column":2},"end":{"line":89,"column":5}},"40":{"start":{"line":92,"column":23},"end":{"line":97,"column":1}},"41":{"start":{"line":93,"column":2},"end":{"line":96,"column":5}},"42":{"start":{"line":99,"column":0},"end":{"line":107,"column":2}}},"fnMap":{"0":{"name":"(anonymous_0)","decl":{"start":{"line":7,"column":22},"end":{"line":7,"column":23}},"loc":{"start":{"line":7,"column":28},"end":{"line":25,"column":1}},"line":7},"1":{"name":"(anonymous_1)","decl":{"start":{"line":27,"column":22},"end":{"line":27,"column":23}},"loc":{"start":{"line":27,"column":71},"end":{"line":33,"column":1}},"line":27},"2":{"name":"(anonymous_2)","decl":{"start":{"line":35,"column":27},"end":{"line":35,"column":28}},"loc":{"start":{"line":35,"column":39},"end":{"line":38,"column":1}},"line":35},"3":{"name":"(anonymous_3)","decl":{"start":{"line":40,"column":32},"end":{"line":40,"column":33}},"loc":{"start":{"line":40,"column":72},"end":{"line":51,"column":1}},"line":40},"4":{"name":"(anonymous_4)","decl":{"start":{"line":53,"column":21},"end":{"line":53,"column":22}},"loc":{"start":{"line":53,"column":66},"end":{"line":62,"column":1}},"line":53},"5":{"name":"(anonymous_5)","decl":{"start":{"line":64,"column":18},"end":{"line":64,"column":19}},"loc":{"start":{"line":64,"column":72},"end":{"line":72,"column":1}},"line":64},"6":{"name":"(anonymous_6)","decl":{"start":{"line":74,"column":22},"end":{"line":74,"column":23}},"loc":{"start":{"line":74,"column":80},"end":{"line":82,"column":1}},"line":74},"7":{"name":"(anonymous_7)","decl":{"start":{"line":84,"column":22},"end":{"line":84,"column":23}},"loc":{"start":{"line":84,"column":67},"end":{"line":90,"column":1}},"line":84},"8":{"name":"(anonymous_8)","decl":{"start":{"line":92,"column":23},"end":{"line":92,"column":24}},"loc":{"start":{"line":92,"column":63},"end":{"line":97,"column":1}},"line":92}},"branchMap":{"0":{"loc":{"start":{"line":3,"column":25},"end":{"line":3,"column":61}},"type":"binary-expr","locations":[{"start":{"line":3,"column":25},"end":{"line":3,"column":55}},{"start":{"line":3,"column":59},"end":{"line":3,"column":61}}],"line":3},"1":{"loc":{"start":{"line":9,"column":2},"end":{"line":11,"column":3}},"type":"if","locations":[{"start":{"line":9,"column":2},"end":{"line":11,"column":3}},{"start":{},"end":{}}],"line":9},"2":{"loc":{"start":{"line":9,"column":6},"end":{"line":9,"column":41}},"type":"binary-expr","locations":[{"start":{"line":9,"column":6},"end":{"line":9,"column":23}},{"start":{"line":9,"column":27},"end":{"line":9,"column":41}}],"line":9},"3":{"loc":{"start":{"line":13,"column":2},"end":{"line":23,"column":3}},"type":"if","locations":[{"start":{"line":13,"column":2},"end":{"line":23,"column":3}},{"start":{},"end":{}}],"line":13},"4":{"loc":{"start":{"line":21,"column":22},"end":{"line":21,"column":62}},"type":"binary-expr","locations":[{"start":{"line":21,"column":22},"end":{"line":21,"column":53}},{"start":{"line":21,"column":57},"end":{"line":21,"column":62}}],"line":21},"5":{"loc":{"start":{"line":27,"column":38},"end":{"line":27,"column":66}},"type":"default-arg","locations":[{"start":{"line":27,"column":50},"end":{"line":27,"column":66}}],"line":27},"6":{"loc":{"start":{"line":28,"column":2},"end":{"line":28,"column":57}},"type":"if","locations":[{"start":{"line":28,"column":2},"end":{"line":28,"column":57}},{"start":{},"end":{}}],"line":28},"7":{"loc":{"start":{"line":28,"column":6},"end":{"line":28,"column":48}},"type":"binary-expr","locations":[{"start":{"line":28,"column":6},"end":{"line":28,"column":29}},{"start":{"line":28,"column":33},"end":{"line":28,"column":48}}],"line":28},"8":{"loc":{"start":{"line":40,"column":39},"end":{"line":40,"column":67}},"type":"default-arg","locations":[{"start":{"line":40,"column":51},"end":{"line":40,"column":67}}],"line":40},"9":{"loc":{"start":{"line":43,"column":11},"end":{"line":43,"column":59}},"type":"binary-expr","locations":[{"start":{"line":43,"column":11},"end":{"line":43,"column":54}},{"start":{"line":43,"column":58},"end":{"line":43,"column":59}}],"line":43},"10":{"loc":{"start":{"line":45,"column":4},"end":{"line":47,"column":5}},"type":"if","locations":[{"start":{"line":45,"column":4},"end":{"line":47,"column":5}},{"start":{},"end":{}}],"line":45},"11":{"loc":{"start":{"line":48,"column":61},"end":{"line":48,"column":83}},"type":"binary-expr","locations":[{"start":{"line":48,"column":61},"end":{"line":48,"column":74}},{"start":{"line":48,"column":78},"end":{"line":48,"column":83}}],"line":48},"12":{"loc":{"start":{"line":53,"column":33},"end":{"line":53,"column":61}},"type":"default-arg","locations":[{"start":{"line":53,"column":45},"end":{"line":53,"column":61}}],"line":53},"13":{"loc":{"start":{"line":54,"column":2},"end":{"line":54,"column":52}},"type":"if","locations":[{"start":{"line":54,"column":2},"end":{"line":54,"column":52}},{"start":{},"end":{}}],"line":54},"14":{"loc":{"start":{"line":54,"column":6},"end":{"line":54,"column":40}},"type":"binary-expr","locations":[{"start":{"line":54,"column":6},"end":{"line":54,"column":25}},{"start":{"line":54,"column":29},"end":{"line":54,"column":40}}],"line":54},"15":{"loc":{"start":{"line":61,"column":9},"end":{"line":61,"column":28}},"type":"binary-expr","locations":[{"start":{"line":61,"column":9},"end":{"line":61,"column":22}},{"start":{"line":61,"column":26},"end":{"line":61,"column":28}}],"line":61},"16":{"loc":{"start":{"line":64,"column":29},"end":{"line":64,"column":37}},"type":"default-arg","locations":[{"start":{"line":64,"column":36},"end":{"line":64,"column":37}}],"line":64},"17":{"loc":{"start":{"line":64,"column":39},"end":{"line":64,"column":67}},"type":"default-arg","locations":[{"start":{"line":64,"column":51},"end":{"line":64,"column":67}}],"line":64},"18":{"loc":{"start":{"line":74,"column":37},"end":{"line":74,"column":45}},"type":"default-arg","locations":[{"start":{"line":74,"column":44},"end":{"line":74,"column":45}}],"line":74},"19":{"loc":{"start":{"line":74,"column":47},"end":{"line":74,"column":75}},"type":"default-arg","locations":[{"start":{"line":74,"column":59},"end":{"line":74,"column":75}}],"line":74},"20":{"loc":{"start":{"line":84,"column":34},"end":{"line":84,"column":62}},"type":"default-arg","locations":[{"start":{"line":84,"column":46},"end":{"line":84,"column":62}}],"line":84},"21":{"loc":{"start":{"line":85,"column":2},"end":{"line":85,"column":49}},"type":"if","locations":[{"start":{"line":85,"column":2},"end":{"line":85,"column":49}},{"start":{},"end":{}}],"line":85},"22":{"loc":{"start":{"line":85,"column":6},"end":{"line":85,"column":40}},"type":"binary-expr","locations":[{"start":{"line":85,"column":6},"end":{"line":85,"column":25}},{"start":{"line":85,"column":29},"end":{"line":85,"column":40}}],"line":85},"23":{"loc":{"start":{"line":92,"column":30},"end":{"line":92,"column":58}},"type":"default-arg","locations":[{"start":{"line":92,"column":42},"end":{"line":92,"column":58}}],"line":92}},"s":{"0":6,"1":6,"2":6,"3":10,"4":10,"5":0,"6":10,"7":1,"8":1,"9":10,"10":6,"11":3,"12":2,"13":1,"14":6,"15":4,"16":2,"17":6,"18":4,"19":4,"20":2,"21":2,"22":1,"23":1,"24":1,"25":6,"26":2,"27":1,"28":1,"29":1,"30":6,"31":1,"32":1,"33":6,"34":1,"35":1,"36":6,"37":2,"38":1,"39":1,"40":6,"41":1,"42":6},"f":{"0":10,"1":3,"2":4,"3":4,"4":2,"5":1,"6":1,"7":2,"8":1},"b":{"0":[6,6],"1":[0,10],"2":[10,10],"3":[1,9],"4":[1,1],"5":[0],"6":[2,1],"7":[3,2],"8":[0],"9":[2,1],"10":[1,1],"11":[1,0],"12":[0],"13":[1,1],"14":[2,2],"15":[1,0],"16":[0],"17":[0],"18":[0],"19":[0],"20":[0],"21":[1,1],"22":[2,2],"23":[0]},"_coverageSchema":"1a1c01bbd47fc00a2c39e90264f33305004495a9","hash":"3bd769ff5ea6f7d3b12732a1ee0b3593e9db6a50"}
,"/home/shai/projects/unik/qa/MERN-Stack-Ecommerce-App/backend/middleware/auth.js": {"path":"/home/shai/projects/unik/qa/MERN-Stack-Ecommerce-App/backend/middleware/auth.js","statementMap":{"0":{"start":{"line":1,"column":12},"end":{"line":1,"column":35}},"1":{"start":{"line":2,"column":19},"end":{"line":2,"column":41}},"2":{"start":{"line":5,"column":0},"end":{"line":18,"column":2}},"3":{"start":{"line":6,"column":16},"end":{"line":6,"column":42}},"4":{"start":{"line":7,"column":2},"end":{"line":9,"column":3}},"5":{"start":{"line":8,"column":4},"end":{"line":8,"column":75}},"6":{"start":{"line":11,"column":2},"end":{"line":17,"column":3}},"7":{"start":{"line":12,"column":20},"end":{"line":12,"column":49}},"8":{"start":{"line":13,"column":4},"end":{"line":13,"column":28}},"9":{"start":{"line":14,"column":4},"end":{"line":14,"column":11}},"10":{"start":{"line":16,"column":4},"end":{"line":16,"column":56}}},"fnMap":{"0":{"name":"(anonymous_0)","decl":{"start":{"line":5,"column":17},"end":{"line":5,"column":18}},"loc":{"start":{"line":5,"column":43},"end":{"line":18,"column":1}},"line":5}},"branchMap":{"0":{"loc":{"start":{"line":7,"column":2},"end":{"line":9,"column":3}},"type":"if","locations":[{"start":{"line":7,"column":2},"end":{"line":9,"column":3}},{"start":{},"end":{}}],"line":7}},"s":{"0":1,"1":1,"2":1,"3":4,"4":4,"5":2,"6":2,"7":2,"8":1,"9":1,"10":1},"f":{"0":4},"b":{"0":[2,2]},"_coverageSchema":"1a1c01bbd47fc00a2c39e90264f33305004495a9","hash":"990ffd5a3e9c28ba5a9fc9b65e09c78618f9262b"}
,"/home/shai/projects/unik/qa/MERN-Stack-Ecommerce-App/backend/models/order.js": {"path":"/home/shai/projects/unik/qa/MERN-Stack-Ecommerce-App/backend/models/order.js","statementMap":{"0":{"start":{"line":1,"column":17},"end":{"line":1,"column":36}},"1":{"start":{"line":3,"column":23},"end":{"line":59,"column":1}},"2":{"start":{"line":61,"column":24},"end":{"line":70,"column":1}},"3":{"start":{"line":72,"column":26},"end":{"line":80,"column":1}},"4":{"start":{"line":82,"column":20},"end":{"line":95,"column":1}},"5":{"start":{"line":97,"column":0},"end":{"line":125,"column":2}},"6":{"start":{"line":98,"column":2},"end":{"line":100,"column":3}},"7":{"start":{"line":99,"column":4},"end":{"line":99,"column":17}},"8":{"start":{"line":102,"column":20},"end":{"line":102,"column":64}},"9":{"start":{"line":103,"column":18},"end":{"line":103,"column":40}},"10":{"start":{"line":104,"column":15},"end":{"line":104,"column":69}},"11":{"start":{"line":105,"column":22},"end":{"line":105,"column":82}},"12":{"start":{"line":107,"column":18},"end":{"line":107,"column":20}},"13":{"start":{"line":108,"column":2},"end":{"line":116,"column":3}},"14":{"start":{"line":108,"column":15},"end":{"line":108,"column":35}},"15":{"start":{"line":109,"column":17},"end":{"line":109,"column":34}},"16":{"start":{"line":110,"column":4},"end":{"line":115,"column":7}},"17":{"start":{"line":118,"column":2},"end":{"line":122,"column":3}},"18":{"start":{"line":119,"column":4},"end":{"line":119,"column":40}},"19":{"start":{"line":120,"column":4},"end":{"line":120,"column":35}},"20":{"start":{"line":121,"column":4},"end":{"line":121,"column":16}},"21":{"start":{"line":124,"column":2},"end":{"line":124,"column":15}},"22":{"start":{"line":127,"column":0},"end":{"line":138,"column":2}},"23":{"start":{"line":128,"column":2},"end":{"line":137,"column":3}},"24":{"start":{"line":129,"column":20},"end":{"line":129,"column":37}},"25":{"start":{"line":130,"column":4},"end":{"line":135,"column":7}},"26":{"start":{"line":136,"column":4},"end":{"line":136,"column":25}},"27":{"start":{"line":140,"column":0},"end":{"line":140,"column":49}},"28":{"start":{"line":142,"column":0},"end":{"line":142,"column":54}},"29":{"start":{"line":143,"column":0},"end":{"line":143,"column":44}}},"fnMap":{"0":{"name":"advanceStatus","decl":{"start":{"line":97,"column":45},"end":{"line":97,"column":58}},"loc":{"start":{"line":97,"column":61},"end":{"line":125,"column":1}},"line":97},"1":{"name":"ensureInitialStatus","decl":{"start":{"line":127,"column":51},"end":{"line":127,"column":70}},"loc":{"start":{"line":127,"column":73},"end":{"line":138,"column":1}},"line":127}},"branchMap":{"0":{"loc":{"start":{"line":98,"column":2},"end":{"line":100,"column":3}},"type":"if","locations":[{"start":{"line":98,"column":2},"end":{"line":100,"column":3}},{"start":{},"end":{}}],"line":98},"1":{"loc":{"start":{"line":118,"column":2},"end":{"line":122,"column":3}},"type":"if","locations":[{"start":{"line":118,"column":2},"end":{"line":122,"column":3}},{"start":{},"end":{}}],"line":118},"2":{"loc":{"start":{"line":128,"column":2},"end":{"line":137,"column":3}},"type":"if","locations":[{"start":{"line":128,"column":2},"end":{"line":137,"column":3}},{"start":{},"end":{}}],"line":128}},"s":{"0":3,"1":3,"2":3,"3":3,"4":3,"5":3,"6":3,"7":1,"8":2,"9":2,"10":2,"11":2,"12":2,"13":2,"14":2,"15":2,"16":2,"17":2,"18":2,"19":2,"20":2,"21":0,"22":3,"23":3,"24":2,"25":2,"26":2,"27":3,"28":3,"29":3},"f":{"0":3,"1":3},"b":{"0":[1,2],"1":[2,0],"2":[2,1]},"_coverageSchema":"1a1c01bbd47fc00a2c39e90264f33305004495a9","hash":"a5e515f6cb677a63ac25ec868f6cfe39919e378a"}
,"/home/shai/projects/unik/qa/MERN-Stack-Ecommerce-App/backend/models/product.js": {"path":"/home/shai/projects/unik/qa/MERN-Stack-Ecommerce-App/backend/models/product.js","statementMap":{"0":{"start":{"line":1,"column":17},"end":{"line":1,"column":36}},"1":{"start":{"line":5,"column":4},"end":{"line":5,"column":39}},"2":{"start":{"line":7,"column":22},"end":{"line":59,"column":2}},"3":{"start":{"line":61,"column":29},"end":{"line":61,"column":91}},"4":{"start":{"line":63,"column":0},"end":{"line":66,"column":3}},"5":{"start":{"line":64,"column":4},"end":{"line":64,"column":104}},"6":{"start":{"line":64,"column":80},"end":{"line":64,"column":102}},"7":{"start":{"line":65,"column":4},"end":{"line":65,"column":11}},"8":{"start":{"line":68,"column":0},"end":{"line":78,"column":3}},"9":{"start":{"line":69,"column":23},"end":{"line":69,"column":46}},"10":{"start":{"line":70,"column":4},"end":{"line":70,"column":35}},"11":{"start":{"line":71,"column":4},"end":{"line":71,"column":35}},"12":{"start":{"line":71,"column":21},"end":{"line":71,"column":35}},"13":{"start":{"line":73,"column":4},"end":{"line":77,"column":31}},"14":{"start":{"line":75,"column":12},"end":{"line":75,"column":63}},"15":{"start":{"line":77,"column":23},"end":{"line":77,"column":29}},"16":{"start":{"line":80,"column":0},"end":{"line":86,"column":3}},"17":{"start":{"line":81,"column":19},"end":{"line":81,"column":41}},"18":{"start":{"line":82,"column":26},"end":{"line":82,"column":63}},"19":{"start":{"line":83,"column":17},"end":{"line":83,"column":43}},"20":{"start":{"line":84,"column":4},"end":{"line":84,"column":88}},"21":{"start":{"line":84,"column":66},"end":{"line":84,"column":86}},"22":{"start":{"line":85,"column":4},"end":{"line":85,"column":11}},"23":{"start":{"line":88,"column":0},"end":{"line":98,"column":3}},"24":{"start":{"line":89,"column":23},"end":{"line":89,"column":47}},"25":{"start":{"line":90,"column":4},"end":{"line":90,"column":36}},"26":{"start":{"line":91,"column":4},"end":{"line":91,"column":43}},"27":{"start":{"line":91,"column":29},"end":{"line":91,"column":43}},"28":{"start":{"line":93,"column":4},"end":{"line":97,"column":31}},"29":{"start":{"line":95,"column":12},"end":{"line":95,"column":65}},"30":{"start":{"line":97,"column":23},"end":{"line":97,"column":29}},"31":{"start":{"line":100,"column":0},"end":{"line":108,"column":3}},"32":{"start":{"line":101,"column":15},"end":{"line":101,"column":31}},"33":{"start":{"line":102,"column":4},"end":{"line":102,"column":27}},"34":{"start":{"line":102,"column":13},"end":{"line":102,"column":27}},"35":{"start":{"line":103,"column":4},"end":{"line":107,"column":31}},"36":{"start":{"line":105,"column":12},"end":{"line":105,"column":71}},"37":{"start":{"line":107,"column":23},"end":{"line":107,"column":29}},"38":{"start":{"line":110,"column":0},"end":{"line":117,"column":3}},"39":{"start":{"line":111,"column":4},"end":{"line":111,"column":28}},"40":{"start":{"line":111,"column":14},"end":{"line":111,"column":28}},"41":{"start":{"line":112,"column":4},"end":{"line":116,"column":31}},"42":{"start":{"line":114,"column":12},"end":{"line":114,"column":78}},"43":{"start":{"line":116,"column":23},"end":{"line":116,"column":29}},"44":{"start":{"line":119,"column":16},"end":{"line":119,"column":56}},"45":{"start":{"line":121,"column":0},"end":{"line":121,"column":25}}},"fnMap":{"0":{"name":"(anonymous_0)","decl":{"start":{"line":63,"column":26},"end":{"line":63,"column":27}},"loc":{"start":{"line":63,"column":41},"end":{"line":66,"column":1}},"line":63},"1":{"name":"(anonymous_1)","decl":{"start":{"line":64,"column":71},"end":{"line":64,"column":72}},"loc":{"start":{"line":64,"column":80},"end":{"line":64,"column":102}},"line":64},"2":{"name":"(anonymous_2)","decl":{"start":{"line":68,"column":27},"end":{"line":68,"column":28}},"loc":{"start":{"line":68,"column":47},"end":{"line":78,"column":1}},"line":68},"3":{"name":"(anonymous_3)","decl":{"start":{"line":74,"column":15},"end":{"line":74,"column":16}},"loc":{"start":{"line":74,"column":22},"end":{"line":76,"column":9}},"line":74},"4":{"name":"(anonymous_4)","decl":{"start":{"line":77,"column":17},"end":{"line":77,"column":18}},"loc":{"start":{"line":77,"column":23},"end":{"line":77,"column":29}},"line":77},"5":{"name":"(anonymous_5)","decl":{"start":{"line":80,"column":38},"end":{"line":80,"column":39}},"loc":{"start":{"line":80,"column":53},"end":{"line":86,"column":1}},"line":80},"6":{"name":"(anonymous_6)","decl":{"start":{"line":84,"column":57},"end":{"line":84,"column":58}},"loc":{"start":{"line":84,"column":66},"end":{"line":84,"column":86}},"line":84},"7":{"name":"(anonymous_7)","decl":{"start":{"line":88,"column":39},"end":{"line":88,"column":40}},"loc":{"start":{"line":88,"column":59},"end":{"line":98,"column":1}},"line":88},"8":{"name":"(anonymous_8)","decl":{"start":{"line":94,"column":15},"end":{"line":94,"column":16}},"loc":{"start":{"line":94,"column":22},"end":{"line":96,"column":9}},"line":94},"9":{"name":"(anonymous_9)","decl":{"start":{"line":97,"column":17},"end":{"line":97,"column":18}},"loc":{"start":{"line":97,"column":23},"end":{"line":97,"column":29}},"line":97},"10":{"name":"(anonymous_10)","decl":{"start":{"line":100,"column":66},"end":{"line":100,"column":67}},"loc":{"start":{"line":100,"column":81},"end":{"line":108,"column":1}},"line":100},"11":{"name":"(anonymous_11)","decl":{"start":{"line":104,"column":15},"end":{"line":104,"column":16}},"loc":{"start":{"line":104,"column":22},"end":{"line":106,"column":9}},"line":104},"12":{"name":"(anonymous_12)","decl":{"start":{"line":107,"column":17},"end":{"line":107,"column":18}},"loc":{"start":{"line":107,"column":23},"end":{"line":107,"column":29}},"line":107},"13":{"name":"(anonymous_13)","decl":{"start":{"line":110,"column":39},"end":{"line":110,"column":40}},"loc":{"start":{"line":110,"column":59},"end":{"line":117,"column":1}},"line":110},"14":{"name":"(anonymous_14)","decl":{"start":{"line":113,"column":15},"end":{"line":113,"column":16}},"loc":{"start":{"line":113,"column":22},"end":{"line":115,"column":9}},"line":113},"15":{"name":"(anonymous_15)","decl":{"start":{"line":116,"column":17},"end":{"line":116,"column":18}},"loc":{"start":{"line":116,"column":23},"end":{"line":116,"column":29}},"line":116}},"branchMap":{"0":{"loc":{"start":{"line":64,"column":31},"end":{"line":64,"column":103}},"type":"binary-expr","locations":[{"start":{"line":64,"column":31},"end":{"line":64,"column":41}},{"start":{"line":64,"column":45},"end":{"line":64,"column":103}}],"line":64},"1":{"loc":{"start":{"line":71,"column":4},"end":{"line":71,"column":35}},"type":"if","locations":[{"start":{"line":71,"column":4},"end":{"line":71,"column":35}},{"start":{},"end":{}}],"line":71},"2":{"loc":{"start":{"line":81,"column":19},"end":{"line":81,"column":41}},"type":"binary-expr","locations":[{"start":{"line":81,"column":19},"end":{"line":81,"column":35}},{"start":{"line":81,"column":39},"end":{"line":81,"column":41}}],"line":81},"3":{"loc":{"start":{"line":82,"column":43},"end":{"line":82,"column":60}},"type":"binary-expr","locations":[{"start":{"line":82,"column":43},"end":{"line":82,"column":54}},{"start":{"line":82,"column":58},"end":{"line":82,"column":60}}],"line":82},"4":{"loc":{"start":{"line":91,"column":4},"end":{"line":91,"column":43}},"type":"if","locations":[{"start":{"line":91,"column":4},"end":{"line":91,"column":43}},{"start":{},"end":{}}],"line":91},"5":{"loc":{"start":{"line":91,"column":8},"end":{"line":91,"column":27}},"type":"binary-expr","locations":[{"start":{"line":91,"column":8},"end":{"line":91,"column":19}},{"start":{"line":91,"column":23},"end":{"line":91,"column":27}}],"line":91},"6":{"loc":{"start":{"line":101,"column":15},"end":{"line":101,"column":31}},"type":"binary-expr","locations":[{"start":{"line":101,"column":15},"end":{"line":101,"column":19}},{"start":{"line":101,"column":23},"end":{"line":101,"column":31}}],"line":101},"7":{"loc":{"start":{"line":102,"column":4},"end":{"line":102,"column":27}},"type":"if","locations":[{"start":{"line":102,"column":4},"end":{"line":102,"column":27}},{"start":{},"end":{}}],"line":102},"8":{"loc":{"start":{"line":111,"column":4},"end":{"line":111,"column":28}},"type":"if","locations":[{"start":{"line":111,"column":4},"end":{"line":111,"column":28}},{"start":{},"end":{}}],"line":111}},"s":{"0":3,"1":3,"2":3,"3":3,"4":3,"5":0,"6":0,"7":0,"8":3,"9":0,"10":0,"11":0,"12":0,"13":0,"14":0,"15":0,"16":3,"17":0,"18":0,"19":0,"20":0,"21":0,"22":0,"23":3,"24":0,"25":0,"26":0,"27":0,"28":0,"29":0,"30":0,"31":3,"32":0,"33":0,"34":0,"35":0,"36":0,"37":0,"38":3,"39":0,"40":0,"41":0,"42":0,"43":0,"44":3,"45":3},"f":{"0":0,"1":0,"2":0,"3":0,"4":0,"5":0,"6":0,"7":0,"8":0,"9":0,"10":0,"11":0,"12":0,"13":0,"14":0,"15":0},"b":{"0":[0,0],"1":[0,0],"2":[0,0],"3":[0,0],"4":[0,0],"5":[0,0],"6":[0,0],"7":[0,0],"8":[0,0]},"_coverageSchema":"1a1c01bbd47fc00a2c39e90264f33305004495a9","hash":"0524732acb4e8ebedecedd8fab15e9715717fcd2"}
,"/home/shai/projects/unik/qa/MERN-Stack-Ecommerce-App/backend/models/user.js": {"path":"/home/shai/projects/unik/qa/MERN-Stack-Ecommerce-App/backend/models/user.js","statementMap":{"0":{"start":{"line":1,"column":17},"end":{"line":1,"column":36}},"1":{"start":{"line":3,"column":19},"end":{"line":21,"column":2}},"2":{"start":{"line":23,"column":0},"end":{"line":23,"column":52}}},"fnMap":{},"branchMap":{},"s":{"0":1,"1":1,"2":1},"f":{},"b":{},"_coverageSchema":"1a1c01bbd47fc00a2c39e90264f33305004495a9","hash":"78733ae8ab94f2cc58a0f6a6740565c35b3710c6"}
,"/home/shai/projects/unik/qa/MERN-Stack-Ecommerce-App/backend/routes/auth.js": {"path":"/home/shai/projects/unik/qa/MERN-Stack-Ecommerce-App/backend/routes/auth.js","statementMap":{"0":{"start":{"line":1,"column":16},"end":{"line":1,"column":34}},"1":{"start":{"line":2,"column":15},"end":{"line":2,"column":34}},"2":{"start":{"line":3,"column":12},"end":{"line":3,"column":35}},"3":{"start":{"line":4,"column":36},"end":{"line":4,"column":64}},"4":{"start":{"line":5,"column":13},"end":{"line":5,"column":38}},"5":{"start":{"line":6,"column":15},"end":{"line":6,"column":31}},"6":{"start":{"line":8,"column":19},"end":{"line":8,"column":41}},"7":{"start":{"line":82,"column":0},"end":{"line":129,"column":2}},"8":{"start":{"line":90,"column":19},"end":{"line":90,"column":40}},"9":{"start":{"line":91,"column":4},"end":{"line":93,"column":5}},"10":{"start":{"line":92,"column":6},"end":{"line":92,"column":62}},"11":{"start":{"line":95,"column":38},"end":{"line":95,"column":46}},"12":{"start":{"line":97,"column":4},"end":{"line":127,"column":5}},"13":{"start":{"line":98,"column":17},"end":{"line":98,"column":46}},"14":{"start":{"line":99,"column":6},"end":{"line":101,"column":7}},"15":{"start":{"line":100,"column":8},"end":{"line":100,"column":68}},"16":{"start":{"line":103,"column":6},"end":{"line":107,"column":9}},"17":{"start":{"line":109,"column":19},"end":{"line":109,"column":43}},"18":{"start":{"line":110,"column":6},"end":{"line":110,"column":56}},"19":{"start":{"line":112,"column":6},"end":{"line":112,"column":24}},"20":{"start":{"line":114,"column":22},"end":{"line":118,"column":7}},"21":{"start":{"line":120,"column":6},"end":{"line":123,"column":9}},"22":{"start":{"line":121,"column":8},"end":{"line":121,"column":27}},"23":{"start":{"line":121,"column":17},"end":{"line":121,"column":27}},"24":{"start":{"line":122,"column":8},"end":{"line":122,"column":28}},"25":{"start":{"line":125,"column":6},"end":{"line":125,"column":33}},"26":{"start":{"line":126,"column":6},"end":{"line":126,"column":43}},"27":{"start":{"line":169,"column":0},"end":{"line":204,"column":3}},"28":{"start":{"line":170,"column":17},"end":{"line":170,"column":38}},"29":{"start":{"line":172,"column":2},"end":{"line":174,"column":3}},"30":{"start":{"line":173,"column":4},"end":{"line":173,"column":60}},"31":{"start":{"line":176,"column":30},"end":{"line":176,"column":38}},"32":{"start":{"line":178,"column":2},"end":{"line":203,"column":3}},"33":{"start":{"line":179,"column":15},"end":{"line":179,"column":44}},"34":{"start":{"line":181,"column":4},"end":{"line":183,"column":5}},"35":{"start":{"line":182,"column":6},"end":{"line":182,"column":66}},"36":{"start":{"line":185,"column":20},"end":{"line":185,"column":65}},"37":{"start":{"line":186,"column":4},"end":{"line":188,"column":5}},"38":{"start":{"line":187,"column":6},"end":{"line":187,"column":66}},"39":{"start":{"line":190,"column":20},"end":{"line":194,"column":5}},"40":{"start":{"line":196,"column":4},"end":{"line":199,"column":7}},"41":{"start":{"line":197,"column":6},"end":{"line":197,"column":25}},"42":{"start":{"line":197,"column":15},"end":{"line":197,"column":25}},"43":{"start":{"line":198,"column":6},"end":{"line":198,"column":26}},"44":{"start":{"line":201,"column":4},"end":{"line":201,"column":31}},"45":{"start":{"line":202,"column":4},"end":{"line":202,"column":41}},"46":{"start":{"line":232,"column":0},"end":{"line":253,"column":3}},"47":{"start":{"line":233,"column":17},"end":{"line":233,"column":38}},"48":{"start":{"line":235,"column":2},"end":{"line":237,"column":3}},"49":{"start":{"line":236,"column":4},"end":{"line":236,"column":60}},"50":{"start":{"line":239,"column":20},"end":{"line":239,"column":28}},"51":{"start":{"line":241,"column":2},"end":{"line":252,"column":3}},"52":{"start":{"line":242,"column":15},"end":{"line":242,"column":44}},"53":{"start":{"line":244,"column":4},"end":{"line":246,"column":5}},"54":{"start":{"line":245,"column":6},"end":{"line":245,"column":76}},"55":{"start":{"line":248,"column":4},"end":{"line":248,"column":80}},"56":{"start":{"line":250,"column":4},"end":{"line":250,"column":31}},"57":{"start":{"line":251,"column":4},"end":{"line":251,"column":41}},"58":{"start":{"line":285,"column":0},"end":{"line":314,"column":2}},"59":{"start":{"line":289,"column":19},"end":{"line":289,"column":40}},"60":{"start":{"line":291,"column":4},"end":{"line":293,"column":5}},"61":{"start":{"line":292,"column":6},"end":{"line":292,"column":62}},"62":{"start":{"line":295,"column":32},"end":{"line":295,"column":40}},"63":{"start":{"line":297,"column":4},"end":{"line":312,"column":5}},"64":{"start":{"line":298,"column":17},"end":{"line":298,"column":46}},"65":{"start":{"line":300,"column":6},"end":{"line":302,"column":7}},"66":{"start":{"line":301,"column":8},"end":{"line":301,"column":78}},"67":{"start":{"line":304,"column":19},"end":{"line":304,"column":43}},"68":{"start":{"line":305,"column":6},"end":{"line":305,"column":56}},"69":{"start":{"line":306,"column":6},"end":{"line":306,"column":24}},"70":{"start":{"line":308,"column":6},"end":{"line":308,"column":55}},"71":{"start":{"line":310,"column":6},"end":{"line":310,"column":33}},"72":{"start":{"line":311,"column":6},"end":{"line":311,"column":43}},"73":{"start":{"line":316,"column":0},"end":{"line":316,"column":24}}},"fnMap":{"0":{"name":"(anonymous_0)","decl":{"start":{"line":89,"column":2},"end":{"line":89,"column":3}},"loc":{"start":{"line":89,"column":22},"end":{"line":128,"column":3}},"line":89},"1":{"name":"(anonymous_1)","decl":{"start":{"line":120,"column":58},"end":{"line":120,"column":59}},"loc":{"start":{"line":120,"column":74},"end":{"line":123,"column":7}},"line":120},"2":{"name":"(anonymous_2)","decl":{"start":{"line":169,"column":134},"end":{"line":169,"column":135}},"loc":{"start":{"line":169,"column":154},"end":{"line":204,"column":1}},"line":169},"3":{"name":"(anonymous_3)","decl":{"start":{"line":196,"column":56},"end":{"line":196,"column":57}},"loc":{"start":{"line":196,"column":72},"end":{"line":199,"column":5}},"line":196},"4":{"name":"(anonymous_4)","decl":{"start":{"line":232,"column":89},"end":{"line":232,"column":90}},"loc":{"start":{"line":232,"column":109},"end":{"line":253,"column":1}},"line":232},"5":{"name":"(anonymous_5)","decl":{"start":{"line":288,"column":2},"end":{"line":288,"column":3}},"loc":{"start":{"line":288,"column":22},"end":{"line":313,"column":3}},"line":288}},"branchMap":{"0":{"loc":{"start":{"line":91,"column":4},"end":{"line":93,"column":5}},"type":"if","locations":[{"start":{"line":91,"column":4},"end":{"line":93,"column":5}},{"start":{},"end":{}}],"line":91},"1":{"loc":{"start":{"line":99,"column":6},"end":{"line":101,"column":7}},"type":"if","locations":[{"start":{"line":99,"column":6},"end":{"line":101,"column":7}},{"start":{},"end":{}}],"line":99},"2":{"loc":{"start":{"line":121,"column":8},"end":{"line":121,"column":27}},"type":"if","locations":[{"start":{"line":121,"column":8},"end":{"line":121,"column":27}},{"start":{},"end":{}}],"line":121},"3":{"loc":{"start":{"line":172,"column":2},"end":{"line":174,"column":3}},"type":"if","locations":[{"start":{"line":172,"column":2},"end":{"line":174,"column":3}},{"start":{},"end":{}}],"line":172},"4":{"loc":{"start":{"line":181,"column":4},"end":{"line":183,"column":5}},"type":"if","locations":[{"start":{"line":181,"column":4},"end":{"line":183,"column":5}},{"start":{},"end":{}}],"line":181},"5":{"loc":{"start":{"line":186,"column":4},"end":{"line":188,"column":5}},"type":"if","locations":[{"start":{"line":186,"column":4},"end":{"line":188,"column":5}},{"start":{},"end":{}}],"line":186},"6":{"loc":{"start":{"line":197,"column":6},"end":{"line":197,"column":25}},"type":"if","locations":[{"start":{"line":197,"column":6},"end":{"line":197,"column":25}},{"start":{},"end":{}}],"line":197},"7":{"loc":{"start":{"line":235,"column":2},"end":{"line":237,"column":3}},"type":"if","locations":[{"start":{"line":235,"column":2},"end":{"line":237,"column":3}},{"start":{},"end":{}}],"line":235},"8":{"loc":{"start":{"line":244,"column":4},"end":{"line":246,"column":5}},"type":"if","locations":[{"start":{"line":244,"column":4},"end":{"line":246,"column":5}},{"start":{},"end":{}}],"line":244},"9":{"loc":{"start":{"line":291,"column":4},"end":{"line":293,"column":5}},"type":"if","locations":[{"start":{"line":291,"column":4},"end":{"line":293,"column":5}},{"start":{},"end":{}}],"line":291},"10":{"loc":{"start":{"line":300,"column":6},"end":{"line":302,"column":7}},"type":"if","locations":[{"start":{"line":300,"column":6},"end":{"line":302,"column":7}},{"start":{},"end":{}}],"line":300}},"s":{"0":1,"1":1,"2":1,"3":1,"4":1,"5":1,"6":1,"7":1,"8":3,"9":3,"10":1,"11":2,"12":2,"13":2,"14":2,"15":1,"16":1,"17":1,"18":1,"19":1,"20":1,"21":1,"22":1,"23":0,"24":1,"25":0,"26":0,"27":1,"28":4,"29":4,"30":1,"31":3,"32":3,"33":3,"34":3,"35":1,"36":2,"37":2,"38":1,"39":1,"40":1,"41":1,"42":0,"43":1,"44":0,"45":0,"46":1,"47":3,"48":3,"49":1,"50":2,"51":2,"52":2,"53":2,"54":1,"55":1,"56":0,"57":0,"58":1,"59":3,"60":3,"61":1,"62":2,"63":2,"64":2,"65":2,"66":1,"67":1,"68":1,"69":1,"70":1,"71":0,"72":0,"73":1},"f":{"0":3,"1":1,"2":4,"3":1,"4":3,"5":3},"b":{"0":[1,2],"1":[1,1],"2":[0,1],"3":[1,3],"4":[1,2],"5":[1,1],"6":[0,1],"7":[1,2],"8":[1,1],"9":[1,2],"10":[1,1]},"_coverageSchema":"1a1c01bbd47fc00a2c39e90264f33305004495a9","hash":"918c2984055a1e8b0d6f6e976ea6475742325f96"}
,"/home/shai/projects/unik/qa/MERN-Stack-Ecommerce-App/backend/routes/checkout.js": {"path":"/home/shai/projects/unik/qa/MERN-Stack-Ecommerce-App/backend/routes/checkout.js","statementMap":{"0":{"start":{"line":1,"column":16},"end":{"line":1,"column":34}},"1":{"start":{"line":2,"column":22},"end":{"line":2,"column":39}},"2":{"start":{"line":3,"column":17},"end":{"line":3,"column":36}},"3":{"start":{"line":4,"column":16},"end":{"line":4,"column":44}},"4":{"start":{"line":5,"column":14},"end":{"line":5,"column":40}},"5":{"start":{"line":7,"column":15},"end":{"line":7,"column":31}},"6":{"start":{"line":9,"column":20},"end":{"line":9,"column":43}},"7":{"start":{"line":11,"column":19},"end":{"line":11,"column":47}},"8":{"start":{"line":14,"column":2},"end":{"line":21,"column":3}},"9":{"start":{"line":14,"column":21},"end":{"line":14,"column":22}},"10":{"start":{"line":15,"column":22},"end":{"line":15,"column":55}},"11":{"start":{"line":17,"column":19},"end":{"line":17,"column":65}},"12":{"start":{"line":18,"column":4},"end":{"line":20,"column":5}},"13":{"start":{"line":19,"column":6},"end":{"line":19,"column":23}},"14":{"start":{"line":22,"column":2},"end":{"line":22,"column":28}},"15":{"start":{"line":133,"column":0},"end":{"line":243,"column":3}},"16":{"start":{"line":134,"column":2},"end":{"line":242,"column":3}},"17":{"start":{"line":135,"column":87},"end":{"line":135,"column":95}},"18":{"start":{"line":137,"column":4},"end":{"line":139,"column":5}},"19":{"start":{"line":138,"column":6},"end":{"line":138,"column":72}},"20":{"start":{"line":141,"column":25},"end":{"line":141,"column":45}},"21":{"start":{"line":142,"column":24},"end":{"line":142,"column":43}},"22":{"start":{"line":143,"column":27},"end":{"line":143,"column":57}},"23":{"start":{"line":145,"column":4},"end":{"line":147,"column":5}},"24":{"start":{"line":146,"column":6},"end":{"line":146,"column":88}},"25":{"start":{"line":149,"column":4},"end":{"line":151,"column":5}},"26":{"start":{"line":150,"column":6},"end":{"line":150,"column":69}},"27":{"start":{"line":153,"column":32},"end":{"line":153,"column":70}},"28":{"start":{"line":154,"column":28},"end":{"line":154,"column":49}},"29":{"start":{"line":155,"column":25},"end":{"line":155,"column":43}},"30":{"start":{"line":156,"column":28},"end":{"line":156,"column":51}},"31":{"start":{"line":158,"column":4},"end":{"line":160,"column":5}},"32":{"start":{"line":159,"column":6},"end":{"line":159,"column":74}},"33":{"start":{"line":162,"column":4},"end":{"line":164,"column":5}},"34":{"start":{"line":163,"column":6},"end":{"line":163,"column":68}},"35":{"start":{"line":166,"column":4},"end":{"line":168,"column":5}},"36":{"start":{"line":167,"column":6},"end":{"line":167,"column":68}},"37":{"start":{"line":170,"column":4},"end":{"line":172,"column":5}},"38":{"start":{"line":171,"column":6},"end":{"line":171,"column":60}},"39":{"start":{"line":174,"column":28},"end":{"line":174,"column":30}},"40":{"start":{"line":175,"column":4},"end":{"line":187,"column":5}},"41":{"start":{"line":176,"column":24},"end":{"line":176,"column":51}},"42":{"start":{"line":177,"column":23},"end":{"line":177,"column":96}},"43":{"start":{"line":179,"column":6},"end":{"line":181,"column":7}},"44":{"start":{"line":180,"column":8},"end":{"line":180,"column":94}},"45":{"start":{"line":183,"column":6},"end":{"line":186,"column":9}},"46":{"start":{"line":189,"column":23},"end":{"line":189,"column":80}},"47":{"start":{"line":189,"column":63},"end":{"line":189,"column":77}},"48":{"start":{"line":190,"column":21},"end":{"line":190,"column":76}},"49":{"start":{"line":192,"column":4},"end":{"line":194,"column":5}},"50":{"start":{"line":193,"column":6},"end":{"line":193,"column":94}},"51":{"start":{"line":196,"column":23},"end":{"line":196,"column":87}},"52":{"start":{"line":196,"column":55},"end":{"line":196,"column":85}},"53":{"start":{"line":198,"column":23},"end":{"line":207,"column":6}},"54":{"start":{"line":199,"column":22},"end":{"line":199,"column":52}},"55":{"start":{"line":200,"column":6},"end":{"line":206,"column":8}},"56":{"start":{"line":209,"column":23},"end":{"line":209,"column":92}},"57":{"start":{"line":209,"column":56},"end":{"line":209,"column":88}},"58":{"start":{"line":211,"column":24},"end":{"line":211,"column":51}},"59":{"start":{"line":212,"column":30},"end":{"line":212,"column":90}},"60":{"start":{"line":214,"column":18},"end":{"line":222,"column":6}},"61":{"start":{"line":224,"column":4},"end":{"line":224,"column":32}},"62":{"start":{"line":226,"column":4},"end":{"line":226,"column":23}},"63":{"start":{"line":228,"column":4},"end":{"line":228,"column":60}},"64":{"start":{"line":228,"column":33},"end":{"line":228,"column":58}},"65":{"start":{"line":230,"column":4},"end":{"line":238,"column":7}},"66":{"start":{"line":240,"column":4},"end":{"line":240,"column":50}},"67":{"start":{"line":241,"column":4},"end":{"line":241,"column":62}},"68":{"start":{"line":245,"column":0},"end":{"line":245,"column":24}}},"fnMap":{"0":{"name":"generateOrderNumber","decl":{"start":{"line":13,"column":15},"end":{"line":13,"column":34}},"loc":{"start":{"line":13,"column":37},"end":{"line":23,"column":1}},"line":13},"1":{"name":"(anonymous_1)","decl":{"start":{"line":133,"column":29},"end":{"line":133,"column":30}},"loc":{"start":{"line":133,"column":49},"end":{"line":243,"column":1}},"line":133},"2":{"name":"(anonymous_2)","decl":{"start":{"line":189,"column":55},"end":{"line":189,"column":56}},"loc":{"start":{"line":189,"column":63},"end":{"line":189,"column":77}},"line":189},"3":{"name":"(anonymous_3)","decl":{"start":{"line":196,"column":44},"end":{"line":196,"column":45}},"loc":{"start":{"line":196,"column":55},"end":{"line":196,"column":85}},"line":196},"4":{"name":"(anonymous_4)","decl":{"start":{"line":198,"column":43},"end":{"line":198,"column":44}},"loc":{"start":{"line":198,"column":51},"end":{"line":207,"column":5}},"line":198},"5":{"name":"(anonymous_5)","decl":{"start":{"line":209,"column":41},"end":{"line":209,"column":42}},"loc":{"start":{"line":209,"column":56},"end":{"line":209,"column":88}},"line":209},"6":{"name":"(anonymous_6)","decl":{"start":{"line":228,"column":22},"end":{"line":228,"column":23}},"loc":{"start":{"line":228,"column":33},"end":{"line":228,"column":58}},"line":228}},"branchMap":{"0":{"loc":{"start":{"line":9,"column":20},"end":{"line":9,"column":43}},"type":"binary-expr","locations":[{"start":{"line":9,"column":20},"end":{"line":9,"column":37}},{"start":{"line":9,"column":41},"end":{"line":9,"column":43}}],"line":9},"1":{"loc":{"start":{"line":18,"column":4},"end":{"line":20,"column":5}},"type":"if","locations":[{"start":{"line":18,"column":4},"end":{"line":20,"column":5}},{"start":{},"end":{}}],"line":18},"2":{"loc":{"start":{"line":137,"column":4},"end":{"line":139,"column":5}},"type":"if","locations":[{"start":{"line":137,"column":4},"end":{"line":139,"column":5}},{"start":{},"end":{}}],"line":137},"3":{"loc":{"start":{"line":137,"column":8},"end":{"line":137,"column":132}},"type":"binary-expr","locations":[{"start":{"line":137,"column":8},"end":{"line":137,"column":29}},{"start":{"line":137,"column":33},"end":{"line":137,"column":46}},{"start":{"line":137,"column":50},"end":{"line":137,"column":55}},{"start":{"line":137,"column":59},"end":{"line":137,"column":65}},{"start":{"line":137,"column":69},"end":{"line":137,"column":85}},{"start":{"line":137,"column":89},"end":{"line":137,"column":100}},{"start":{"line":137,"column":104},"end":{"line":137,"column":113}},{"start":{"line":137,"column":117},"end":{"line":137,"column":124}},{"start":{"line":137,"column":128},"end":{"line":137,"column":132}}],"line":137},"4":{"loc":{"start":{"line":145,"column":4},"end":{"line":147,"column":5}},"type":"if","locations":[{"start":{"line":145,"column":4},"end":{"line":147,"column":5}},{"start":{},"end":{}}],"line":145},"5":{"loc":{"start":{"line":145,"column":8},"end":{"line":145,"column":39}},"type":"binary-expr","locations":[{"start":{"line":145,"column":8},"end":{"line":145,"column":20}},{"start":{"line":145,"column":24},"end":{"line":145,"column":39}}],"line":145},"6":{"loc":{"start":{"line":149,"column":4},"end":{"line":151,"column":5}},"type":"if","locations":[{"start":{"line":149,"column":4},"end":{"line":151,"column":5}},{"start":{},"end":{}}],"line":149},"7":{"loc":{"start":{"line":158,"column":4},"end":{"line":160,"column":5}},"type":"if","locations":[{"start":{"line":158,"column":4},"end":{"line":160,"column":5}},{"start":{},"end":{}}],"line":158},"8":{"loc":{"start":{"line":162,"column":4},"end":{"line":164,"column":5}},"type":"if","locations":[{"start":{"line":162,"column":4},"end":{"line":164,"column":5}},{"start":{},"end":{}}],"line":162},"9":{"loc":{"start":{"line":166,"column":4},"end":{"line":168,"column":5}},"type":"if","locations":[{"start":{"line":166,"column":4},"end":{"line":168,"column":5}},{"start":{},"end":{}}],"line":166},"10":{"loc":{"start":{"line":170,"column":4},"end":{"line":172,"column":5}},"type":"if","locations":[{"start":{"line":170,"column":4},"end":{"line":172,"column":5}},{"start":{},"end":{}}],"line":170},"11":{"loc":{"start":{"line":176,"column":24},"end":{"line":176,"column":51}},"type":"binary-expr","locations":[{"start":{"line":176,"column":24},"end":{"line":176,"column":39}},{"start":{"line":176,"column":43},"end":{"line":176,"column":51}}],"line":176},"12":{"loc":{"start":{"line":177,"column":23},"end":{"line":177,"column":96}},"type":"cond-expr","locations":[{"start":{"line":177,"column":79},"end":{"line":177,"column":92}},{"start":{"line":177,"column":95},"end":{"line":177,"column":96}}],"line":177},"13":{"loc":{"start":{"line":177,"column":23},"end":{"line":177,"column":76}},"type":"binary-expr","locations":[{"start":{"line":177,"column":23},"end":{"line":177,"column":55}},{"start":{"line":177,"column":59},"end":{"line":177,"column":76}}],"line":177},"14":{"loc":{"start":{"line":179,"column":6},"end":{"line":181,"column":7}},"type":"if","locations":[{"start":{"line":179,"column":6},"end":{"line":181,"column":7}},{"start":{},"end":{}}],"line":179},"15":{"loc":{"start":{"line":179,"column":10},"end":{"line":179,"column":67}},"type":"binary-expr","locations":[{"start":{"line":179,"column":10},"end":{"line":179,"column":20}},{"start":{"line":179,"column":24},"end":{"line":179,"column":67}}],"line":179},"16":{"loc":{"start":{"line":192,"column":4},"end":{"line":194,"column":5}},"type":"if","locations":[{"start":{"line":192,"column":4},"end":{"line":194,"column":5}},{"start":{},"end":{}}],"line":192}},"s":{"0":1,"1":1,"2":1,"3":1,"4":1,"5":1,"6":1,"7":1,"8":0,"9":0,"10":0,"11":0,"12":0,"13":0,"14":0,"15":1,"16":5,"17":5,"18":5,"19":1,"20":4,"21":4,"22":4,"23":4,"24":0,"25":4,"26":1,"27":3,"28":3,"29":3,"30":3,"31":3,"32":0,"33":3,"34":1,"35":2,"36":1,"37":1,"38":1,"39":0,"40":0,"41":0,"42":0,"43":0,"44":0,"45":0,"46":0,"47":0,"48":0,"49":0,"50":0,"51":0,"52":0,"53":0,"54":0,"55":0,"56":0,"57":0,"58":0,"59":0,"60":0,"61":0,"62":0,"63":0,"64":0,"65":0,"66":0,"67":0,"68":1},"f":{"0":0,"1":5,"2":0,"3":0,"4":0,"5":0,"6":0},"b":{"0":[1,0],"1":[0,0],"2":[1,4],"3":[5,5,4,4,4,4,4,4,4],"4":[0,4],"5":[4,4],"6":[1,3],"7":[0,3],"8":[1,2],"9":[1,1],"10":[1,0],"11":[0,0],"12":[0,0],"13":[0,0],"14":[0,0],"15":[0,0],"16":[0,0]},"_coverageSchema":"1a1c01bbd47fc00a2c39e90264f33305004495a9","hash":"96d803c76ae6aa9171ea0f1df5f5fcf3e72700c0"}
,"/home/shai/projects/unik/qa/MERN-Stack-Ecommerce-App/backend/routes/orders.js": {"path":"/home/shai/projects/unik/qa/MERN-Stack-Ecommerce-App/backend/routes/orders.js","statementMap":{"0":{"start":{"line":1,"column":16},"end":{"line":1,"column":34}},"1":{"start":{"line":2,"column":14},"end":{"line":2,"column":40}},"2":{"start":{"line":4,"column":15},"end":{"line":4,"column":31}},"3":{"start":{"line":6,"column":19},"end":{"line":6,"column":47}},"4":{"start":{"line":67,"column":0},"end":{"line":126,"column":3}},"5":{"start":{"line":68,"column":2},"end":{"line":125,"column":3}},"6":{"start":{"line":69,"column":35},"end":{"line":69,"column":49}},"7":{"start":{"line":71,"column":4},"end":{"line":73,"column":5}},"8":{"start":{"line":72,"column":6},"end":{"line":72,"column":85}},"9":{"start":{"line":75,"column":34},"end":{"line":75,"column":74}},"10":{"start":{"line":76,"column":28},"end":{"line":76,"column":62}},"11":{"start":{"line":78,"column":4},"end":{"line":80,"column":5}},"12":{"start":{"line":79,"column":6},"end":{"line":79,"column":77}},"13":{"start":{"line":82,"column":4},"end":{"line":84,"column":5}},"14":{"start":{"line":83,"column":6},"end":{"line":83,"column":70}},"15":{"start":{"line":86,"column":18},"end":{"line":86,"column":101}},"16":{"start":{"line":88,"column":4},"end":{"line":90,"column":5}},"17":{"start":{"line":89,"column":6},"end":{"line":89,"column":107}},"18":{"start":{"line":92,"column":4},"end":{"line":92,"column":32}},"19":{"start":{"line":94,"column":19},"end":{"line":94,"column":24}},"20":{"start":{"line":95,"column":4},"end":{"line":100,"column":5}},"21":{"start":{"line":96,"column":28},"end":{"line":96,"column":104}},"22":{"start":{"line":97,"column":6},"end":{"line":99,"column":7}},"23":{"start":{"line":98,"column":8},"end":{"line":98,"column":41}},"24":{"start":{"line":102,"column":4},"end":{"line":104,"column":5}},"25":{"start":{"line":103,"column":6},"end":{"line":103,"column":42}},"26":{"start":{"line":106,"column":4},"end":{"line":106,"column":23}},"27":{"start":{"line":108,"column":28},"end":{"line":119,"column":5}},"28":{"start":{"line":121,"column":4},"end":{"line":121,"column":30}},"29":{"start":{"line":123,"column":4},"end":{"line":123,"column":50}},"30":{"start":{"line":124,"column":4},"end":{"line":124,"column":79}},"31":{"start":{"line":128,"column":0},"end":{"line":128,"column":24}}},"fnMap":{"0":{"name":"(anonymous_0)","decl":{"start":{"line":67,"column":22},"end":{"line":67,"column":23}},"loc":{"start":{"line":67,"column":42},"end":{"line":126,"column":1}},"line":67}},"branchMap":{"0":{"loc":{"start":{"line":69,"column":35},"end":{"line":69,"column":49}},"type":"binary-expr","locations":[{"start":{"line":69,"column":35},"end":{"line":69,"column":43}},{"start":{"line":69,"column":47},"end":{"line":69,"column":49}}],"line":69},"1":{"loc":{"start":{"line":71,"column":4},"end":{"line":73,"column":5}},"type":"if","locations":[{"start":{"line":71,"column":4},"end":{"line":73,"column":5}},{"start":{},"end":{}}],"line":71},"2":{"loc":{"start":{"line":71,"column":8},"end":{"line":71,"column":30}},"type":"binary-expr","locations":[{"start":{"line":71,"column":8},"end":{"line":71,"column":20}},{"start":{"line":71,"column":24},"end":{"line":71,"column":30}}],"line":71},"3":{"loc":{"start":{"line":78,"column":4},"end":{"line":80,"column":5}},"type":"if","locations":[{"start":{"line":78,"column":4},"end":{"line":80,"column":5}},{"start":{},"end":{}}],"line":78},"4":{"loc":{"start":{"line":82,"column":4},"end":{"line":84,"column":5}},"type":"if","locations":[{"start":{"line":82,"column":4},"end":{"line":84,"column":5}},{"start":{},"end":{}}],"line":82},"5":{"loc":{"start":{"line":88,"column":4},"end":{"line":90,"column":5}},"type":"if","locations":[{"start":{"line":88,"column":4},"end":{"line":90,"column":5}},{"start":{},"end":{}}],"line":88},"6":{"loc":{"start":{"line":95,"column":4},"end":{"line":100,"column":5}},"type":"if","locations":[{"start":{"line":95,"column":4},"end":{"line":100,"column":5}},{"start":{},"end":{}}],"line":95},"7":{"loc":{"start":{"line":96,"column":28},"end":{"line":96,"column":104}},"type":"cond-expr","locations":[{"start":{"line":96,"column":61},"end":{"line":96,"column":81}},{"start":{"line":96,"column":84},"end":{"line":96,"column":104}}],"line":96},"8":{"loc":{"start":{"line":97,"column":6},"end":{"line":99,"column":7}},"type":"if","locations":[{"start":{"line":97,"column":6},"end":{"line":99,"column":7}},{"start":{},"end":{}}],"line":97},"9":{"loc":{"start":{"line":102,"column":4},"end":{"line":104,"column":5}},"type":"if","locations":[{"start":{"line":102,"column":4},"end":{"line":104,"column":5}},{"start":{},"end":{}}],"line":102}},"s":{"0":1,"1":1,"2":1,"3":1,"4":1,"5":8,"6":8,"7":8,"8":2,"9":6,"10":6,"11":6,"12":1,"13":5,"14":1,"15":4,"16":3,"17":1,"18":2,"19":2,"20":2,"21":0,"22":0,"23":0,"24":2,"25":0,"26":2,"27":2,"28":2,"29":1,"30":1,"31":1},"f":{"0":8},"b":{"0":[8,0],"1":[2,6],"2":[8,7],"3":[1,5],"4":[1,4],"5":[1,2],"6":[0,2],"7":[0,0],"8":[0,0],"9":[0,2]},"_coverageSchema":"1a1c01bbd47fc00a2c39e90264f33305004495a9","hash":"b5107cabae1514c528f8db8e37632ec311361fbb"}
,"/home/shai/projects/unik/qa/MERN-Stack-Ecommerce-App/backend/routes/products.js": {"path":"/home/shai/projects/unik/qa/MERN-Stack-Ecommerce-App/backend/routes/products.js","statementMap":{"0":{"start":{"line":1,"column":0},"end":{"line":1,"column":27}},"1":{"start":{"line":2,"column":16},"end":{"line":2,"column":34}},"2":{"start":{"line":3,"column":15},"end":{"line":3,"column":31}},"3":{"start":{"line":4,"column":16},"end":{"line":4,"column":44}},"4":{"start":{"line":6,"column":115},"end":{"line":6,"column":143}},"5":{"start":{"line":7,"column":44},"end":{"line":7,"column":79}},"6":{"start":{"line":9,"column":19},"end":{"line":13,"column":1}},"7":{"start":{"line":10,"column":2},"end":{"line":10,"column":77}},"8":{"start":{"line":10,"column":53},"end":{"line":10,"column":77}},"9":{"start":{"line":11,"column":2},"end":{"line":11,"column":55}},"10":{"start":{"line":11,"column":45},"end":{"line":11,"column":55}},"11":{"start":{"line":12,"column":2},"end":{"line":12,"column":23}},"12":{"start":{"line":15,"column":28},"end":{"line":15,"column":31}},"13":{"start":{"line":17,"column":18},"end":{"line":17,"column":63}},"14":{"start":{"line":19,"column":25},"end":{"line":31,"column":2}},"15":{"start":{"line":19,"column":37},"end":{"line":31,"column":1}},"16":{"start":{"line":33,"column":17},"end":{"line":37,"column":20}},"17":{"start":{"line":34,"column":2},"end":{"line":37,"column":20}},"18":{"start":{"line":39,"column":26},"end":{"line":49,"column":1}},"19":{"start":{"line":40,"column":2},"end":{"line":40,"column":51}},"20":{"start":{"line":40,"column":42},"end":{"line":40,"column":51}},"21":{"start":{"line":41,"column":15},"end":{"line":41,"column":31}},"22":{"start":{"line":42,"column":15},"end":{"line":42,"column":31}},"23":{"start":{"line":43,"column":21},"end":{"line":43,"column":22}},"24":{"start":{"line":44,"column":2},"end":{"line":46,"column":3}},"25":{"start":{"line":45,"column":4},"end":{"line":45,"column":43}},"26":{"start":{"line":45,"column":25},"end":{"line":45,"column":43}},"27":{"start":{"line":47,"column":20},"end":{"line":47,"column":52}},"28":{"start":{"line":48,"column":2},"end":{"line":48,"column":56}},"29":{"start":{"line":51,"column":22},"end":{"line":56,"column":1}},"30":{"start":{"line":52,"column":2},"end":{"line":52,"column":86}},"31":{"start":{"line":52,"column":77},"end":{"line":52,"column":86}},"32":{"start":{"line":53,"column":15},"end":{"line":53,"column":53}},"33":{"start":{"line":54,"column":19},"end":{"line":54,"column":59}},"34":{"start":{"line":55,"column":2},"end":{"line":55,"column":42}},"35":{"start":{"line":58,"column":31},"end":{"line":72,"column":1}},"36":{"start":{"line":59,"column":14},"end":{"line":59,"column":15}},"37":{"start":{"line":61,"column":2},"end":{"line":61,"column":94}},"38":{"start":{"line":61,"column":83},"end":{"line":61,"column":94}},"39":{"start":{"line":62,"column":2},"end":{"line":62,"column":82}},"40":{"start":{"line":62,"column":71},"end":{"line":62,"column":82}},"41":{"start":{"line":64,"column":18},"end":{"line":64,"column":82}},"42":{"start":{"line":65,"column":18},"end":{"line":65,"column":96}},"43":{"start":{"line":67,"column":2},"end":{"line":67,"column":23}},"44":{"start":{"line":68,"column":2},"end":{"line":68,"column":19}},"45":{"start":{"line":69,"column":2},"end":{"line":69,"column":46}},"46":{"start":{"line":71,"column":2},"end":{"line":71,"column":15}},"47":{"start":{"line":74,"column":27},"end":{"line":97,"column":1}},"48":{"start":{"line":75,"column":24},"end":{"line":75,"column":46}},"49":{"start":{"line":76,"column":18},"end":{"line":81,"column":11}},"50":{"start":{"line":83,"column":2},"end":{"line":85,"column":3}},"51":{"start":{"line":84,"column":4},"end":{"line":84,"column":19}},"52":{"start":{"line":87,"column":21},"end":{"line":87,"column":88}},"53":{"start":{"line":87,"column":70},"end":{"line":87,"column":85}},"54":{"start":{"line":88,"column":23},"end":{"line":90,"column":11}},"55":{"start":{"line":92,"column":17},"end":{"line":92,"column":26}},"56":{"start":{"line":93,"column":2},"end":{"line":95,"column":3}},"57":{"start":{"line":94,"column":4},"end":{"line":94,"column":37}},"58":{"start":{"line":96,"column":2},"end":{"line":96,"column":37}},"59":{"start":{"line":99,"column":28},"end":{"line":111,"column":1}},"60":{"start":{"line":100,"column":24},"end":{"line":100,"column":46}},"61":{"start":{"line":101,"column":21},"end":{"line":104,"column":11}},"62":{"start":{"line":106,"column":2},"end":{"line":108,"column":3}},"63":{"start":{"line":107,"column":4},"end":{"line":107,"column":22}},"64":{"start":{"line":110,"column":2},"end":{"line":110,"column":60}},"65":{"start":{"line":113,"column":32},"end":{"line":145,"column":1}},"66":{"start":{"line":114,"column":21},"end":{"line":114,"column":51}},"67":{"start":{"line":115,"column":17},"end":{"line":115,"column":71}},"68":{"start":{"line":116,"column":15},"end":{"line":116,"column":59}},"69":{"start":{"line":117,"column":2},"end":{"line":121,"column":3}},"70":{"start":{"line":118,"column":20},"end":{"line":118,"column":64}},"71":{"start":{"line":119,"column":4},"end":{"line":119,"column":61}},"72":{"start":{"line":119,"column":24},"end":{"line":119,"column":61}},"73":{"start":{"line":120,"column":4},"end":{"line":120,"column":39}},"74":{"start":{"line":123,"column":17},"end":{"line":123,"column":140}},"75":{"start":{"line":123,"column":40},"end":{"line":123,"column":104}},"76":{"start":{"line":123,"column":122},"end":{"line":123,"column":139}},"77":{"start":{"line":125,"column":18},"end":{"line":125,"column":20}},"78":{"start":{"line":126,"column":15},"end":{"line":126,"column":24}},"79":{"start":{"line":127,"column":2},"end":{"line":133,"column":3}},"80":{"start":{"line":128,"column":16},"end":{"line":128,"column":37}},"81":{"start":{"line":129,"column":4},"end":{"line":129,"column":32}},"82":{"start":{"line":129,"column":23},"end":{"line":129,"column":32}},"83":{"start":{"line":130,"column":4},"end":{"line":130,"column":18}},"84":{"start":{"line":131,"column":4},"end":{"line":131,"column":28}},"85":{"start":{"line":132,"column":4},"end":{"line":132,"column":39}},"86":{"start":{"line":132,"column":33},"end":{"line":132,"column":39}},"87":{"start":{"line":135,"column":2},"end":{"line":137,"column":3}},"88":{"start":{"line":136,"column":4},"end":{"line":136,"column":41}},"89":{"start":{"line":139,"column":18},"end":{"line":139,"column":62}},"90":{"start":{"line":140,"column":2},"end":{"line":142,"column":3}},"91":{"start":{"line":141,"column":4},"end":{"line":141,"column":41}},"92":{"start":{"line":144,"column":2},"end":{"line":144,"column":37}},"93":{"start":{"line":147,"column":40},"end":{"line":188,"column":1}},"94":{"start":{"line":148,"column":21},"end":{"line":148,"column":62}},"95":{"start":{"line":148,"column":47},"end":{"line":148,"column":60}},"96":{"start":{"line":149,"column":21},"end":{"line":149,"column":66}},"97":{"start":{"line":149,"column":39},"end":{"line":149,"column":49}},"98":{"start":{"line":150,"column":17},"end":{"line":150,"column":96}},"99":{"start":{"line":151,"column":15},"end":{"line":151,"column":59}},"100":{"start":{"line":152,"column":2},"end":{"line":156,"column":3}},"101":{"start":{"line":153,"column":20},"end":{"line":153,"column":64}},"102":{"start":{"line":154,"column":4},"end":{"line":154,"column":61}},"103":{"start":{"line":154,"column":24},"end":{"line":154,"column":61}},"104":{"start":{"line":155,"column":4},"end":{"line":155,"column":58}},"105":{"start":{"line":158,"column":17},"end":{"line":166,"column":38}},"106":{"start":{"line":160,"column":22},"end":{"line":160,"column":23}},"107":{"start":{"line":161,"column":6},"end":{"line":163,"column":7}},"108":{"start":{"line":162,"column":8},"end":{"line":162,"column":81}},"109":{"start":{"line":164,"column":6},"end":{"line":164,"column":45}},"110":{"start":{"line":166,"column":20},"end":{"line":166,"column":37}},"111":{"start":{"line":168,"column":18},"end":{"line":168,"column":20}},"112":{"start":{"line":169,"column":15},"end":{"line":169,"column":24}},"113":{"start":{"line":170,"column":2},"end":{"line":176,"column":3}},"114":{"start":{"line":171,"column":16},"end":{"line":171,"column":37}},"115":{"start":{"line":172,"column":4},"end":{"line":172,"column":32}},"116":{"start":{"line":172,"column":23},"end":{"line":172,"column":32}},"117":{"start":{"line":173,"column":4},"end":{"line":173,"column":18}},"118":{"start":{"line":174,"column":4},"end":{"line":174,"column":28}},"119":{"start":{"line":175,"column":4},"end":{"line":175,"column":39}},"120":{"start":{"line":175,"column":33},"end":{"line":175,"column":39}},"121":{"start":{"line":178,"column":2},"end":{"line":180,"column":3}},"122":{"start":{"line":179,"column":4},"end":{"line":179,"column":41}},"123":{"start":{"line":182,"column":18},"end":{"line":182,"column":62}},"124":{"start":{"line":183,"column":2},"end":{"line":185,"column":3}},"125":{"start":{"line":184,"column":4},"end":{"line":184,"column":41}},"126":{"start":{"line":187,"column":2},"end":{"line":187,"column":56}},"127":{"start":{"line":190,"column":36},"end":{"line":201,"column":1}},"128":{"start":{"line":191,"column":20},"end":{"line":191,"column":76}},"129":{"start":{"line":192,"column":2},"end":{"line":192,"column":35}},"130":{"start":{"line":192,"column":25},"end":{"line":192,"column":35}},"131":{"start":{"line":194,"column":15},"end":{"line":194,"column":69}},"132":{"start":{"line":195,"column":17},"end":{"line":195,"column":68}},"133":{"start":{"line":195,"column":41},"end":{"line":195,"column":66}},"134":{"start":{"line":197,"column":2},"end":{"line":200,"column":27}},"135":{"start":{"line":198,"column":15},"end":{"line":198,"column":29}},"136":{"start":{"line":203,"column":28},"end":{"line":207,"column":1}},"137":{"start":{"line":204,"column":2},"end":{"line":204,"column":26}},"138":{"start":{"line":204,"column":14},"end":{"line":204,"column":26}},"139":{"start":{"line":205,"column":2},"end":{"line":205,"column":78}},"140":{"start":{"line":205,"column":48},"end":{"line":205,"column":78}},"141":{"start":{"line":206,"column":2},"end":{"line":206,"column":26}},"142":{"start":{"line":209,"column":39},"end":{"line":248,"column":1}},"143":{"start":{"line":210,"column":17},"end":{"line":210,"column":62}},"144":{"start":{"line":211,"column":2},"end":{"line":211,"column":25}},"145":{"start":{"line":211,"column":15},"end":{"line":211,"column":25}},"146":{"start":{"line":213,"column":2},"end":{"line":247,"column":3}},"147":{"start":{"line":215,"column":4},"end":{"line":219,"column":5}},"148":{"start":{"line":216,"column":6},"end":{"line":216,"column":58}},"149":{"start":{"line":218,"column":6},"end":{"line":218,"column":104}},"150":{"start":{"line":221,"column":4},"end":{"line":229,"column":5}},"151":{"start":{"line":222,"column":6},"end":{"line":228,"column":7}},"152":{"start":{"line":223,"column":8},"end":{"line":223,"column":55}},"153":{"start":{"line":224,"column":8},"end":{"line":224,"column":60}},"154":{"start":{"line":226,"column":8},"end":{"line":226,"column":63}},"155":{"start":{"line":227,"column":8},"end":{"line":227,"column":18}},"156":{"start":{"line":231,"column":20},"end":{"line":231,"column":72}},"157":{"start":{"line":232,"column":17},"end":{"line":232,"column":34}},"158":{"start":{"line":233,"column":23},"end":{"line":233,"column":25}},"159":{"start":{"line":235,"column":4},"end":{"line":241,"column":5}},"160":{"start":{"line":236,"column":22},"end":{"line":236,"column":48}},"161":{"start":{"line":237,"column":6},"end":{"line":237,"column":50}},"162":{"start":{"line":237,"column":41},"end":{"line":237,"column":50}},"163":{"start":{"line":238,"column":6},"end":{"line":238,"column":24}},"164":{"start":{"line":239,"column":6},"end":{"line":239,"column":31}},"165":{"start":{"line":240,"column":6},"end":{"line":240,"column":44}},"166":{"start":{"line":240,"column":38},"end":{"line":240,"column":44}},"167":{"start":{"line":243,"column":4},"end":{"line":243,"column":51}},"168":{"start":{"line":245,"column":4},"end":{"line":245,"column":58}},"169":{"start":{"line":246,"column":4},"end":{"line":246,"column":14}},"170":{"start":{"line":250,"column":37},"end":{"line":319,"column":1}},"171":{"start":{"line":251,"column":2},"end":{"line":251,"column":34}},"172":{"start":{"line":251,"column":24},"end":{"line":251,"column":34}},"173":{"start":{"line":253,"column":2},"end":{"line":318,"column":3}},"174":{"start":{"line":254,"column":20},"end":{"line":254,"column":106}},"175":{"start":{"line":254,"column":44},"end":{"line":254,"column":89}},"176":{"start":{"line":255,"column":4},"end":{"line":255,"column":35}},"177":{"start":{"line":255,"column":25},"end":{"line":255,"column":35}},"178":{"start":{"line":257,"column":23},"end":{"line":257,"column":77}},"179":{"start":{"line":257,"column":56},"end":{"line":257,"column":75}},"180":{"start":{"line":259,"column":20},"end":{"line":259,"column":22}},"181":{"start":{"line":260,"column":4},"end":{"line":265,"column":5}},"182":{"start":{"line":261,"column":6},"end":{"line":261,"column":54}},"183":{"start":{"line":263,"column":6},"end":{"line":263,"column":72}},"184":{"start":{"line":264,"column":6},"end":{"line":264,"column":21}},"185":{"start":{"line":267,"column":23},"end":{"line":270,"column":6}},"186":{"start":{"line":268,"column":21},"end":{"line":268,"column":44}},"187":{"start":{"line":269,"column":6},"end":{"line":269,"column":54}},"188":{"start":{"line":272,"column":4},"end":{"line":289,"column":5}},"189":{"start":{"line":273,"column":6},"end":{"line":281,"column":7}},"190":{"start":{"line":274,"column":24},"end":{"line":274,"column":42}},"191":{"start":{"line":275,"column":8},"end":{"line":275,"column":31}},"192":{"start":{"line":275,"column":22},"end":{"line":275,"column":31}},"193":{"start":{"line":276,"column":8},"end":{"line":280,"column":9}},"194":{"start":{"line":277,"column":10},"end":{"line":277,"column":57}},"195":{"start":{"line":279,"column":10},"end":{"line":279,"column":74}},"196":{"start":{"line":283,"column":6},"end":{"line":288,"column":7}},"197":{"start":{"line":284,"column":8},"end":{"line":284,"column":56}},"198":{"start":{"line":286,"column":8},"end":{"line":286,"column":62}},"199":{"start":{"line":287,"column":8},"end":{"line":287,"column":23}},"200":{"start":{"line":291,"column":20},"end":{"line":291,"column":110}},"201":{"start":{"line":291,"column":38},"end":{"line":291,"column":61}},"202":{"start":{"line":291,"column":77},"end":{"line":291,"column":109}},"203":{"start":{"line":293,"column":4},"end":{"line":293,"column":35}},"204":{"start":{"line":293,"column":25},"end":{"line":293,"column":35}},"205":{"start":{"line":295,"column":16},"end":{"line":295,"column":33}},"206":{"start":{"line":296,"column":21},"end":{"line":296,"column":39}},"207":{"start":{"line":297,"column":4},"end":{"line":299,"column":5}},"208":{"start":{"line":298,"column":6},"end":{"line":298,"column":61}},"209":{"start":{"line":298,"column":19},"end":{"line":298,"column":20}},"210":{"start":{"line":298,"column":39},"end":{"line":298,"column":61}},"211":{"start":{"line":300,"column":4},"end":{"line":300,"column":67}},"212":{"start":{"line":300,"column":17},"end":{"line":300,"column":18}},"213":{"start":{"line":300,"column":37},"end":{"line":300,"column":67}},"214":{"start":{"line":302,"column":29},"end":{"line":302,"column":94}},"215":{"start":{"line":303,"column":20},"end":{"line":303,"column":36}},"216":{"start":{"line":304,"column":17},"end":{"line":304,"column":33}},"217":{"start":{"line":305,"column":23},"end":{"line":305,"column":25}},"218":{"start":{"line":306,"column":4},"end":{"line":312,"column":5}},"219":{"start":{"line":307,"column":22},"end":{"line":307,"column":48}},"220":{"start":{"line":308,"column":6},"end":{"line":308,"column":74}},"221":{"start":{"line":308,"column":65},"end":{"line":308,"column":74}},"222":{"start":{"line":309,"column":6},"end":{"line":309,"column":24}},"223":{"start":{"line":310,"column":6},"end":{"line":310,"column":31}},"224":{"start":{"line":311,"column":6},"end":{"line":311,"column":44}},"225":{"start":{"line":311,"column":38},"end":{"line":311,"column":44}},"226":{"start":{"line":314,"column":4},"end":{"line":314,"column":51}},"227":{"start":{"line":316,"column":4},"end":{"line":316,"column":56}},"228":{"start":{"line":317,"column":4},"end":{"line":317,"column":14}},"229":{"start":{"line":392,"column":0},"end":{"line":405,"column":3}},"230":{"start":{"line":393,"column":2},"end":{"line":404,"column":3}},"231":{"start":{"line":394,"column":21},"end":{"line":394,"column":41}},"232":{"start":{"line":396,"column":30},"end":{"line":399,"column":7}},"233":{"start":{"line":396,"column":55},"end":{"line":399,"column":5}},"234":{"start":{"line":401,"column":4},"end":{"line":401,"column":32}},"235":{"start":{"line":403,"column":4},"end":{"line":403,"column":41}},"236":{"start":{"line":434,"column":0},"end":{"line":451,"column":3}},"237":{"start":{"line":435,"column":2},"end":{"line":450,"column":3}},"238":{"start":{"line":436,"column":17},"end":{"line":436,"column":61}},"239":{"start":{"line":437,"column":4},"end":{"line":439,"column":5}},"240":{"start":{"line":438,"column":6},"end":{"line":438,"column":68}},"241":{"start":{"line":441,"column":26},"end":{"line":441,"column":71}},"242":{"start":{"line":442,"column":4},"end":{"line":444,"column":5}},"243":{"start":{"line":443,"column":6},"end":{"line":443,"column":60}},"244":{"start":{"line":446,"column":4},"end":{"line":446,"column":30}},"245":{"start":{"line":448,"column":4},"end":{"line":448,"column":23}},"246":{"start":{"line":449,"column":4},"end":{"line":449,"column":54}},"247":{"start":{"line":487,"column":0},"end":{"line":509,"column":3}},"248":{"start":{"line":488,"column":2},"end":{"line":508,"column":3}},"249":{"start":{"line":489,"column":20},"end":{"line":489,"column":28}},"250":{"start":{"line":490,"column":4},"end":{"line":492,"column":5}},"251":{"start":{"line":491,"column":6},"end":{"line":491,"column":98}},"252":{"start":{"line":494,"column":17},"end":{"line":494,"column":65}},"253":{"start":{"line":495,"column":4},"end":{"line":497,"column":5}},"254":{"start":{"line":496,"column":6},"end":{"line":496,"column":85}},"255":{"start":{"line":499,"column":26},"end":{"line":499,"column":70}},"256":{"start":{"line":500,"column":4},"end":{"line":502,"column":5}},"257":{"start":{"line":501,"column":6},"end":{"line":501,"column":68}},"258":{"start":{"line":504,"column":4},"end":{"line":504,"column":30}},"259":{"start":{"line":506,"column":4},"end":{"line":506,"column":53}},"260":{"start":{"line":507,"column":4},"end":{"line":507,"column":54}},"261":{"start":{"line":534,"column":0},"end":{"line":544,"column":3}},"262":{"start":{"line":535,"column":2},"end":{"line":543,"column":3}},"263":{"start":{"line":536,"column":20},"end":{"line":536,"column":57}},"264":{"start":{"line":537,"column":4},"end":{"line":539,"column":5}},"265":{"start":{"line":538,"column":6},"end":{"line":538,"column":55}},"266":{"start":{"line":540,"column":4},"end":{"line":540,"column":22}},"267":{"start":{"line":542,"column":4},"end":{"line":542,"column":41}},"268":{"start":{"line":569,"column":0},"end":{"line":576,"column":3}},"269":{"start":{"line":570,"column":2},"end":{"line":575,"column":3}},"270":{"start":{"line":571,"column":21},"end":{"line":571,"column":74}},"271":{"start":{"line":572,"column":4},"end":{"line":572,"column":23}},"272":{"start":{"line":574,"column":4},"end":{"line":574,"column":41}},"273":{"start":{"line":611,"column":0},"end":{"line":634,"column":3}},"274":{"start":{"line":612,"column":2},"end":{"line":633,"column":3}},"275":{"start":{"line":613,"column":23},"end":{"line":613,"column":31}},"276":{"start":{"line":614,"column":20},"end":{"line":614,"column":57}},"277":{"start":{"line":616,"column":4},"end":{"line":618,"column":5}},"278":{"start":{"line":617,"column":6},"end":{"line":617,"column":55}},"279":{"start":{"line":621,"column":26},"end":{"line":621,"column":48}},"280":{"start":{"line":622,"column":25},"end":{"line":622,"column":69}},"281":{"start":{"line":623,"column":29},"end":{"line":623,"column":57}},"282":{"start":{"line":626,"column":4},"end":{"line":626,"column":38}},"283":{"start":{"line":627,"column":4},"end":{"line":627,"column":39}},"284":{"start":{"line":629,"column":4},"end":{"line":629,"column":25}},"285":{"start":{"line":630,"column":4},"end":{"line":630,"column":22}},"286":{"start":{"line":632,"column":4},"end":{"line":632,"column":41}},"287":{"start":{"line":636,"column":0},"end":{"line":636,"column":24}}},"fnMap":{"0":{"name":"(anonymous_0)","decl":{"start":{"line":9,"column":19},"end":{"line":9,"column":20}},"loc":{"start":{"line":9,"column":28},"end":{"line":13,"column":1}},"line":9},"1":{"name":"(anonymous_1)","decl":{"start":{"line":19,"column":25},"end":{"line":19,"column":26}},"loc":{"start":{"line":19,"column":37},"end":{"line":31,"column":1}},"line":19},"2":{"name":"(anonymous_2)","decl":{"start":{"line":33,"column":17},"end":{"line":33,"column":18}},"loc":{"start":{"line":34,"column":2},"end":{"line":37,"column":20}},"line":34},"3":{"name":"(anonymous_3)","decl":{"start":{"line":39,"column":26},"end":{"line":39,"column":27}},"loc":{"start":{"line":39,"column":48},"end":{"line":49,"column":1}},"line":39},"4":{"name":"(anonymous_4)","decl":{"start":{"line":51,"column":22},"end":{"line":51,"column":23}},"loc":{"start":{"line":51,"column":43},"end":{"line":56,"column":1}},"line":51},"5":{"name":"(anonymous_5)","decl":{"start":{"line":58,"column":31},"end":{"line":58,"column":32}},"loc":{"start":{"line":58,"column":52},"end":{"line":72,"column":1}},"line":58},"6":{"name":"(anonymous_6)","decl":{"start":{"line":74,"column":27},"end":{"line":74,"column":28}},"loc":{"start":{"line":74,"column":62},"end":{"line":97,"column":1}},"line":74},"7":{"name":"(anonymous_7)","decl":{"start":{"line":87,"column":63},"end":{"line":87,"column":64}},"loc":{"start":{"line":87,"column":70},"end":{"line":87,"column":85}},"line":87},"8":{"name":"(anonymous_8)","decl":{"start":{"line":99,"column":28},"end":{"line":99,"column":29}},"loc":{"start":{"line":99,"column":57},"end":{"line":111,"column":1}},"line":99},"9":{"name":"(anonymous_9)","decl":{"start":{"line":113,"column":32},"end":{"line":113,"column":33}},"loc":{"start":{"line":113,"column":62},"end":{"line":145,"column":1}},"line":113},"10":{"name":"(anonymous_10)","decl":{"start":{"line":123,"column":26},"end":{"line":123,"column":27}},"loc":{"start":{"line":123,"column":40},"end":{"line":123,"column":104}},"line":123},"11":{"name":"(anonymous_11)","decl":{"start":{"line":123,"column":112},"end":{"line":123,"column":113}},"loc":{"start":{"line":123,"column":122},"end":{"line":123,"column":139}},"line":123},"12":{"name":"(anonymous_12)","decl":{"start":{"line":147,"column":40},"end":{"line":147,"column":41}},"loc":{"start":{"line":147,"column":72},"end":{"line":188,"column":1}},"line":147},"13":{"name":"(anonymous_13)","decl":{"start":{"line":148,"column":42},"end":{"line":148,"column":43}},"loc":{"start":{"line":148,"column":47},"end":{"line":148,"column":60}},"line":148},"14":{"name":"(anonymous_14)","decl":{"start":{"line":149,"column":34},"end":{"line":149,"column":35}},"loc":{"start":{"line":149,"column":39},"end":{"line":149,"column":49}},"line":149},"15":{"name":"(anonymous_15)","decl":{"start":{"line":159,"column":9},"end":{"line":159,"column":10}},"loc":{"start":{"line":159,"column":22},"end":{"line":165,"column":5}},"line":159},"16":{"name":"(anonymous_16)","decl":{"start":{"line":166,"column":10},"end":{"line":166,"column":11}},"loc":{"start":{"line":166,"column":20},"end":{"line":166,"column":37}},"line":166},"17":{"name":"(anonymous_17)","decl":{"start":{"line":190,"column":36},"end":{"line":190,"column":37}},"loc":{"start":{"line":190,"column":49},"end":{"line":201,"column":1}},"line":190},"18":{"name":"(anonymous_18)","decl":{"start":{"line":195,"column":34},"end":{"line":195,"column":35}},"loc":{"start":{"line":195,"column":41},"end":{"line":195,"column":66}},"line":195},"19":{"name":"(anonymous_19)","decl":{"start":{"line":198,"column":9},"end":{"line":198,"column":10}},"loc":{"start":{"line":198,"column":15},"end":{"line":198,"column":29}},"line":198},"20":{"name":"(anonymous_20)","decl":{"start":{"line":203,"column":28},"end":{"line":203,"column":29}},"loc":{"start":{"line":203,"column":37},"end":{"line":207,"column":1}},"line":203},"21":{"name":"(anonymous_21)","decl":{"start":{"line":209,"column":39},"end":{"line":209,"column":40}},"loc":{"start":{"line":209,"column":69},"end":{"line":248,"column":1}},"line":209},"22":{"name":"(anonymous_22)","decl":{"start":{"line":250,"column":37},"end":{"line":250,"column":38}},"loc":{"start":{"line":250,"column":69},"end":{"line":319,"column":1}},"line":250},"23":{"name":"(anonymous_23)","decl":{"start":{"line":254,"column":33},"end":{"line":254,"column":34}},"loc":{"start":{"line":254,"column":44},"end":{"line":254,"column":89}},"line":254},"24":{"name":"(anonymous_24)","decl":{"start":{"line":257,"column":43},"end":{"line":257,"column":44}},"loc":{"start":{"line":257,"column":56},"end":{"line":257,"column":75}},"line":257},"25":{"name":"(anonymous_25)","decl":{"start":{"line":267,"column":38},"end":{"line":267,"column":39}},"loc":{"start":{"line":267,"column":44},"end":{"line":270,"column":5}},"line":267},"26":{"name":"(anonymous_26)","decl":{"start":{"line":291,"column":32},"end":{"line":291,"column":33}},"loc":{"start":{"line":291,"column":38},"end":{"line":291,"column":61}},"line":291},"27":{"name":"(anonymous_27)","decl":{"start":{"line":291,"column":70},"end":{"line":291,"column":71}},"loc":{"start":{"line":291,"column":77},"end":{"line":291,"column":109}},"line":291},"28":{"name":"(anonymous_28)","decl":{"start":{"line":392,"column":16},"end":{"line":392,"column":17}},"loc":{"start":{"line":392,"column":36},"end":{"line":405,"column":1}},"line":392},"29":{"name":"(anonymous_29)","decl":{"start":{"line":396,"column":43},"end":{"line":396,"column":44}},"loc":{"start":{"line":396,"column":55},"end":{"line":399,"column":5}},"line":396},"30":{"name":"(anonymous_30)","decl":{"start":{"line":434,"column":27},"end":{"line":434,"column":28}},"loc":{"start":{"line":434,"column":47},"end":{"line":451,"column":1}},"line":434},"31":{"name":"(anonymous_31)","decl":{"start":{"line":487,"column":32},"end":{"line":487,"column":33}},"loc":{"start":{"line":487,"column":52},"end":{"line":509,"column":1}},"line":487},"32":{"name":"(anonymous_32)","decl":{"start":{"line":534,"column":19},"end":{"line":534,"column":20}},"loc":{"start":{"line":534,"column":39},"end":{"line":544,"column":1}},"line":534},"33":{"name":"(anonymous_33)","decl":{"start":{"line":569,"column":34},"end":{"line":569,"column":35}},"loc":{"start":{"line":569,"column":54},"end":{"line":576,"column":1}},"line":569},"34":{"name":"(anonymous_34)","decl":{"start":{"line":611,"column":26},"end":{"line":611,"column":27}},"loc":{"start":{"line":611,"column":46},"end":{"line":634,"column":1}},"line":611}},"branchMap":{"0":{"loc":{"start":{"line":10,"column":2},"end":{"line":10,"column":77}},"type":"if","locations":[{"start":{"line":10,"column":2},"end":{"line":10,"column":77}},{"start":{},"end":{}}],"line":10},"1":{"loc":{"start":{"line":10,"column":6},"end":{"line":10,"column":51}},"type":"binary-expr","locations":[{"start":{"line":10,"column":6},"end":{"line":10,"column":11}},{"start":{"line":10,"column":15},"end":{"line":10,"column":51}}],"line":10},"2":{"loc":{"start":{"line":11,"column":2},"end":{"line":11,"column":55}},"type":"if","locations":[{"start":{"line":11,"column":2},"end":{"line":11,"column":55}},{"start":{},"end":{}}],"line":11},"3":{"loc":{"start":{"line":11,"column":6},"end":{"line":11,"column":43}},"type":"binary-expr","locations":[{"start":{"line":11,"column":6},"end":{"line":11,"column":25}},{"start":{"line":11,"column":29},"end":{"line":11,"column":43}}],"line":11},"4":{"loc":{"start":{"line":34,"column":3},"end":{"line":34,"column":13}},"type":"binary-expr","locations":[{"start":{"line":34,"column":3},"end":{"line":34,"column":7}},{"start":{"line":34,"column":11},"end":{"line":34,"column":13}}],"line":34},"5":{"loc":{"start":{"line":40,"column":2},"end":{"line":40,"column":51}},"type":"if","locations":[{"start":{"line":40,"column":2},"end":{"line":40,"column":51}},{"start":{},"end":{}}],"line":40},"6":{"loc":{"start":{"line":40,"column":6},"end":{"line":40,"column":40}},"type":"binary-expr","locations":[{"start":{"line":40,"column":6},"end":{"line":40,"column":21}},{"start":{"line":40,"column":25},"end":{"line":40,"column":40}}],"line":40},"7":{"loc":{"start":{"line":45,"column":4},"end":{"line":45,"column":43}},"type":"if","locations":[{"start":{"line":45,"column":4},"end":{"line":45,"column":43}},{"start":{},"end":{}}],"line":45},"8":{"loc":{"start":{"line":48,"column":9},"end":{"line":48,"column":55}},"type":"cond-expr","locations":[{"start":{"line":48,"column":27},"end":{"line":48,"column":28}},{"start"
[...]
"83":0,"84":0,"85":0,"86":0,"87":0,"88":0,"89":0,"90":0,"91":0,"92":0,"93":1,"94":0,"95":0,"96":0,"97":0,"98":0,"99":0,"100":0,"101":0,"102":0,"103":0,"104":0,"105":0,"106":0,"107":0,"108":0,"109":0,"110":0,"111":0,"112":0,"113":0,"114":0,"115":0,"116":0,"117":0,"118":0,"119":0,"120":0,"121":0,"122":0,"123":0,"124":0,"125":0,"126":0,"127":1,"128":0,"129":0,"130":0,"131":0,"132":0,"133":0,"134":0,"135":0,"136":1,"137":0,"138":0,"139":0,"140":0,"141":0,"142":1,"143":0,"144":0,"145":0,"146":0,"147":0,"148":0,"149":0,"150":0,"151":0,"152":0,"153":0,"154":0,"155":0,"156":0,"157":0,"158":0,"159":0,"160":0,"161":0,"162":0,"163":0,"164":0,"165":0,"166":0,"167":0,"168":0,"169":0,"170":1,"171":0,"172":0,"173":0,"174":0,"175":0,"176":0,"177":0,"178":0,"179":0,"180":0,"181":0,"182":0,"183":0,"184":0,"185":0,"186":0,"187":0,"188":0,"189":0,"190":0,"191":0,"192":0,"193":0,"194":0,"195":0,"196":0,"197":0,"198":0,"199":0,"200":0,"201":0,"202":0,"203":0,"204":0,"205":0,"206":0,"207":0,"208":0,"209":0,"210":0,"211":0,"212":0,"213":0,"214":0,"215":0,"216":0,"217":0,"218":0,"219":0,"220":0,"221":0,"222":0,"223":0,"224":0,"225":0,"226":0,"227":0,"228":0,"229":1,"230":2,"231":2,"232":1,"233":2,"234":1,"235":1,"236":1,"237":0,"238":0,"239":0,"240":0,"241":0,"242":0,"243":0,"244":0,"245":0,"246":0,"247":1,"248":0,"249":0,"250":0,"251":0,"252":0,"253":0,"254":0,"255":0,"256":0,"257":0,"258":0,"259":0,"260":0,"261":1,"262":3,"263":3,"264":2,"265":1,"266":1,"267":1,"268":1,"269":2,"270":2,"271":1,"272":1,"273":1,"274":3,"275":3,"276":3,"277":2,"278":1,"279":1,"280":1,"281":1,"282":1,"283":1,"284":1,"285":1,"286":1,"287":1},"f":{"0":0,"1":0,"2":0,"3":0,"4":0,"5":0,"6":0,"7":0,"8":0,"9":0,"10":0,"11":0,"12":0,"13":0,"14":0,"15":0,"16":0,"17":0,"18":0,"19":0,"20":0,"21":0,"22":0,"23":0,"24":0,"25":0,"26":0,"27":0,"28":2,"29":2,"30":0,"31":0,"32":3,"33":2,"34":3},"b":{"0":[0,0],"1":[0,0],"2":[0,0],"3":[0,0],"4":[0,0],"5":[0,0],"6":[0,0],"7":[0,0],"8":[0,0],"9":[0,0],"10":[0,0],"11":[0,0],"12":[0,0,0],"13":[0,0],"14":[0,0,0],"15":[0],"16":[0,0],"17":[0,0],"18":[0,0],"19":[0],"20":[0,0],"21":[0,0],"22":[0,0],"23":[0,0],"24":[0,0],"25":[0,0],"26":[0,0],"27":[0],"28":[0,0],"29":[0,0],"30":[0,0],"31":[0,0],"32":[0,0],"33":[0,0],"34":[0,0],"35":[0,0],"36":[0,0],"37":[0,0],"38":[0,0],"39":[0,0],"40":[0],"41":[0,0],"42":[0,0],"43":[0,0],"44":[0,0],"45":[0,0,0],"46":[0,0],"47":[0,0],"48":[0,0],"49":[0,0],"50":[0],"51":[0,0],"52":[0,0],"53":[0,0],"54":[0,0],"55":[0,0],"56":[0,0],"57":[0,0],"58":[0,0],"59":[0,0],"60":[0],"61":[0,0],"62":[0,0,0],"63":[0,0],"64":[0,0],"65":[0,0],"66":[0,0],"67":[0,0],"68":[0,0],"69":[0,0],"70":[1,1],"71":[1,1]},"_coverageSchema":"1a1c01bbd47fc00a2c39e90264f33305004495a9","hash":"4e160e81117573483523d2b66c79e87c3d123b67"}
,"/home/shai/projects/unik/qa/MERN-Stack-Ecommerce-App/backend/routes/search.js": {"path":"/home/shai/projects/unik/qa/MERN-Stack-Ecommerce-App/backend/routes/search.js","statementMap":{"0":{"start":{"line":1,"column":16},"end":{"line":1,"column":34}},"1":{"start":{"line":2,"column":15},"end":{"line":2,"column":31}},"2":{"start":{"line":3,"column":16},"end":{"line":3,"column":44}},"3":{"start":{"line":65,"column":0},"end":{"line":78,"column":3}},"4":{"start":{"line":66,"column":2},"end":{"line":77,"column":3}},"5":{"start":{"line":67,"column":18},"end":{"line":67,"column":29}},"6":{"start":{"line":69,"column":21},"end":{"line":71,"column":6}},"7":{"start":{"line":73,"column":4},"end":{"line":73,"column":23}},"8":{"start":{"line":75,"column":4},"end":{"line":75,"column":54}},"9":{"start":{"line":76,"column":4},"end":{"line":76,"column":76}},"10":{"start":{"line":80,"column":0},"end":{"line":80,"column":24}}},"fnMap":{"0":{"name":"(anonymous_0)","decl":{"start":{"line":65,"column":16},"end":{"line":65,"column":17}},"loc":{"start":{"line":65,"column":36},"end":{"line":78,"column":1}},"line":65}},"branchMap":{},"s":{"0":1,"1":1,"2":1,"3":1,"4":3,"5":3,"6":3,"7":2,"8":1,"9":1,"10":1},"f":{"0":3},"b":{},"_coverageSchema":"1a1c01bbd47fc00a2c39e90264f33305004495a9","hash":"475dd45321745c3f2f271bb03c2539df575617b6"}
,"/home/shai/projects/unik/qa/MERN-Stack-Ecommerce-App/backend/services/embeddingService.js": {"path":"/home/shai/projects/unik/qa/MERN-Stack-Ecommerce-App/backend/services/embeddingService.js","statementMap":{"0":{"start":{"line":1,"column":0},"end":{"line":1,"column":27}},"1":{"start":{"line":3,"column":31},"end":{"line":3,"column":63}},"2":{"start":{"line":5,"column":24},"end":{"line":5,"column":53}},"3":{"start":{"line":6,"column":28},"end":{"line":6,"column":31}},"4":{"start":{"line":8,"column":29},"end":{"line":11,"column":2}},"5":{"start":{"line":15,"column":26},"end":{"line":26,"column":1}},"6":{"start":{"line":16,"column":2},"end":{"line":16,"column":36}},"7":{"start":{"line":16,"column":18},"end":{"line":16,"column":36}},"8":{"start":{"line":18,"column":32},"end":{"line":18,"column":43}},"9":{"start":{"line":19,"column":2},"end":{"line":21,"column":3}},"10":{"start":{"line":20,"column":4},"end":{"line":20,"column":80}},"11":{"start":{"line":23,"column":16},"end":{"line":23,"column":57}},"12":{"start":{"line":24,"column":2},"end":{"line":24,"column":68}},"13":{"start":{"line":25,"column":2},"end":{"line":25,"column":20}},"14":{"start":{"line":28,"column":24},"end":{"line":32,"column":1}},"15":{"start":{"line":29,"column":20},"end":{"line":29,"column":41}},"16":{"start":{"line":30,"column":2},"end":{"line":30,"column":32}},"17":{"start":{"line":30,"column":18},"end":{"line":30,"column":32}},"18":{"start":{"line":31,"column":2},"end":{"line":31,"column":48}},"19":{"start":{"line":31,"column":29},"end":{"line":31,"column":46}},"20":{"start":{"line":34,"column":26},"end":{"line":52,"column":1}},"21":{"start":{"line":35,"column":18},"end":{"line":41,"column":3}},"22":{"start":{"line":43,"column":2},"end":{"line":45,"column":3}},"23":{"start":{"line":44,"column":4},"end":{"line":44,"column":32}},"24":{"start":{"line":47,"column":2},"end":{"line":49,"column":3}},"25":{"start":{"line":48,"column":4},"end":{"line":48,"column":26}},"26":{"start":{"line":51,"column":2},"end":{"line":51,"column":17}},"27":{"start":{"line":54,"column":18},"end":{"line":70,"column":1}},"28":{"start":{"line":55,"column":22},"end":{"line":55,"column":34}},"29":{"start":{"line":56,"column":2},"end":{"line":56,"column":32}},"30":{"start":{"line":56,"column":20},"end":{"line":56,"column":32}},"31":{"start":{"line":58,"column":19},"end":{"line":60,"column":3}},"32":{"start":{"line":61,"column":17},"end":{"line":61,"column":44}},"33":{"start":{"line":63,"column":2},"end":{"line":67,"column":3}},"34":{"start":{"line":64,"column":4},"end":{"line":66,"column":6}},"35":{"start":{"line":69,"column":2},"end":{"line":69,"column":33}},"36":{"start":{"line":72,"column":0},"end":{"line":79,"column":2}}},"fnMap":{"0":{"name":"(anonymous_0)","decl":{"start":{"line":15,"column":26},"end":{"line":15,"column":27}},"loc":{"start":{"line":15,"column":32},"end":{"line":26,"column":1}},"line":15},"1":{"name":"(anonymous_1)","decl":{"start":{"line":28,"column":24},"end":{"line":28,"column":25}},"loc":{"start":{"line":28,"column":34},"end":{"line":32,"column":1}},"line":28},"2":{"name":"(anonymous_2)","decl":{"start":{"line":31,"column":20},"end":{"line":31,"column":21}},"loc":{"start":{"line":31,"column":29},"end":{"line":31,"column":46}},"line":31},"3":{"name":"(anonymous_3)","decl":{"start":{"line":34,"column":26},"end":{"line":34,"column":27}},"loc":{"start":{"line":34,"column":62},"end":{"line":52,"column":1}},"line":34},"4":{"name":"(anonymous_4)","decl":{"start":{"line":54,"column":18},"end":{"line":54,"column":19}},"loc":{"start":{"line":54,"column":48},"end":{"line":70,"column":1}},"line":54}},"branchMap":{"0":{"loc":{"start":{"line":16,"column":2},"end":{"line":16,"column":36}},"type":"if","locations":[{"start":{"line":16,"column":2},"end":{"line":16,"column":36}},{"start":{},"end":{}}],"line":16},"1":{"loc":{"start":{"line":19,"column":2},"end":{"line":21,"column":3}},"type":"if","locations":[{"start":{"line":19,"column":2},"end":{"line":21,"column":3}},{"start":{},"end":{}}],"line":19},"2":{"loc":{"start":{"line":30,"column":2},"end":{"line":30,"column":32}},"type":"if","locations":[{"start":{"line":30,"column":2},"end":{"line":30,"column":32}},{"start":{},"end":{}}],"line":30},"3":{"loc":{"start":{"line":34,"column":33},"end":{"line":34,"column":57}},"type":"default-arg","locations":[{"start":{"line":34,"column":55},"end":{"line":34,"column":57}}],"line":34},"4":{"loc":{"start":{"line":43,"column":2},"end":{"line":45,"column":3}},"type":"if","locations":[{"start":{"line":43,"column":2},"end":{"line":45,"column":3}},{"start":{},"end":{}}],"line":43},"5":{"loc":{"start":{"line":47,"column":2},"end":{"line":49,"column":3}},"type":"if","locations":[{"start":{"line":47,"column":2},"end":{"line":49,"column":3}},{"start":{},"end":{}}],"line":47},"6":{"loc":{"start":{"line":54,"column":31},"end":{"line":54,"column":43}},"type":"default-arg","locations":[{"start":{"line":54,"column":41},"end":{"line":54,"column":43}}],"line":54},"7":{"loc":{"start":{"line":56,"column":2},"end":{"line":56,"column":32}},"type":"if","locations":[{"start":{"line":56,"column":2},"end":{"line":56,"column":32}},{"start":{},"end":{}}],"line":56},"8":{"loc":{"start":{"line":63,"column":2},"end":{"line":67,"column":3}},"type":"if","locations":[{"start":{"line":63,"column":2},"end":{"line":67,"column":3}},{"start":{},"end":{}}],"line":63},"9":{"loc":{"start":{"line":63,"column":6},"end":{"line":63,"column":69}},"type":"binary-expr","locations":[{"start":{"line":63,"column":6},"end":{"line":63,"column":28}},{"start":{"line":63,"column":32},"end":{"line":63,"column":69}}],"line":63},"10":{"loc":{"start":{"line":65,"column":85},"end":{"line":65,"column":104}},"type":"binary-expr","locations":[{"start":{"line":65,"column":85},"end":{"line":65,"column":99}},{"start":{"line":65,"column":103},"end":{"line":65,"column":104}}],"line":65}},"s":{"0":5,"1":5,"2":5,"3":5,"4":5,"5":5,"6":2,"7":1,"8":1,"9":1,"10":0,"11":1,"12":1,"13":1,"14":5,"15":1,"16":1,"17":0,"18":1,"19":768,"20":5,"21":3,"22":3,"23":2,"24":3,"25":1,"26":3,"27":5,"28":2,"29":2,"30":0,"31":2,"32":2,"33":2,"34":1,"35":1,"36":5},"f":{"0":2,"1":1,"2":768,"3":3,"4":2},"b":{"0":[1,1],"1":[0,1],"2":[0,1],"3":[0],"4":[2,1],"5":[1,2],"6":[1],"7":[0,2],"8":[1,1],"9":[2,2],"10":[1,0]},"_coverageSchema":"1a1c01bbd47fc00a2c39e90264f33305004495a9","hash":"ca7a46c8faabe27fbf6ee266be1e7866d4090d4d"}
,"/home/shai/projects/unik/qa/MERN-Stack-Ecommerce-App/backend/services/pineconeSync.js": {"path":"/home/shai/projects/unik/qa/MERN-Stack-Ecommerce-App/backend/services/pineconeSync.js","statementMap":{"0":{"start":{"line":1,"column":0},"end":{"line":1,"column":27}},"1":{"start":{"line":3,"column":17},"end":{"line":3,"column":36}},"2":{"start":{"line":4,"column":41},"end":{"line":4,"column":69}},"3":{"start":{"line":5,"column":44},"end":{"line":5,"column":73}},"4":{"start":{"line":7,"column":18},"end":{"line":7,"column":54}},"5":{"start":{"line":9,"column":29},"end":{"line":10,"column":68}},"6":{"start":{"line":10,"column":2},"end":{"line":10,"column":68}},"7":{"start":{"line":12,"column":23},"end":{"line":16,"column":1}},"8":{"start":{"line":13,"column":2},"end":{"line":13,"column":24}},"9":{"start":{"line":13,"column":12},"end":{"line":13,"column":24}},"10":{"start":{"line":14,"column":2},"end":{"line":14,"column":64}},"11":{"start":{"line":14,"column":42},"end":{"line":14,"column":64}},"12":{"start":{"line":15,"column":2},"end":{"line":15,"column":13}},"13":{"start":{"line":18,"column":24},"end":{"line":24,"column":1}},"14":{"start":{"line":19,"column":2},"end":{"line":23,"column":3}},"15":{"start":{"line":20,"column":4},"end":{"line":20,"column":37}},"16":{"start":{"line":22,"column":4},"end":{"line":22,"column":16}},"17":{"start":{"line":26,"column":27},"end":{"line":47,"column":1}},"18":{"start":{"line":27,"column":15},"end":{"line":27,"column":75}},"19":{"start":{"line":28,"column":2},"end":{"line":28,"column":25}},"20":{"start":{"line":28,"column":13},"end":{"line":28,"column":25}},"21":{"start":{"line":29,"column":17},"end":{"line":32,"column":4}},"22":{"start":{"line":33,"column":2},"end":{"line":33,"column":60}},"23":{"start":{"line":33,"column":48},"end":{"line":33,"column":60}},"24":{"start":{"line":34,"column":2},"end":{"line":46,"column":4}},"25":{"start":{"line":50,"column":2},"end":{"line":50,"column":44}},"26":{"start":{"line":50,"column":31},"end":{"line":50,"column":44}},"27":{"start":{"line":51,"column":18},"end":{"line":51,"column":44}},"28":{"start":{"line":52,"column":2},"end":{"line":52,"column":45}},"29":{"start":{"line":52,"column":32},"end":{"line":52,"column":45}},"30":{"start":{"line":54,"column":21},"end":{"line":54,"column":43}},"31":{"start":{"line":55,"column":24},"end":{"line":55,"column":69}},"32":{"start":{"line":56,"column":2},"end":{"line":56,"column":35}},"33":{"start":{"line":56,"column":22},"end":{"line":56,"column":35}},"34":{"start":{"line":58,"column":2},"end":{"line":58,"column":50}},"35":{"start":{"line":60,"column":2},"end":{"line":66,"column":3}},"36":{"start":{"line":61,"column":4},"end":{"line":65,"column":5}},"37":{"start":{"line":62,"column":6},"end":{"line":62,"column":41}},"38":{"start":{"line":68,"column":2},"end":{"line":77,"column":3}},"39":{"start":{"line":69,"column":25},"end":{"line":69,"column":42}},"40":{"start":{"line":70,"column":4},"end":{"line":76,"column":5}},"41":{"start":{"line":71,"column":6},"end":{"line":75,"column":8}},"42":{"start":{"line":79,"column":2},"end":{"line":79,"column":14}},"43":{"start":{"line":83,"column":2},"end":{"line":83,"column":44}},"44":{"start":{"line":83,"column":31},"end":{"line":83,"column":44}},"45":{"start":{"line":84,"column":2},"end":{"line":84,"column":31}},"46":{"start":{"line":84,"column":18},"end":{"line":84,"column":31}},"47":{"start":{"line":85,"column":2},"end":{"line":85,"column":57}},"48":{"start":{"line":86,"column":2},"end":{"line":86,"column":14}},"49":{"start":{"line":89,"column":0},"end":{"line":92,"column":2}}},"fnMap":{"0":{"name":"(anonymous_0)","decl":{"start":{"line":9,"column":29},"end":{"line":9,"column":30}},"loc":{"start":{"line":10,"column":2},"end":{"line":10,"column":68}},"line":10},"1":{"name":"(anonymous_1)","decl":{"start":{"line":12,"column":23},"end":{"line":12,"column":24}},"loc":{"start":{"line":12,"column":30},"end":{"line":16,"column":1}},"line":12},"2":{"name":"(anonymous_2)","decl":{"start":{"line":18,"column":24},"end":{"line":18,"column":25}},"loc":{"start":{"line":18,"column":30},"end":{"line":24,"column":1}},"line":18},"3":{"name":"(anonymous_3)","decl":{"start":{"line":26,"column":27},"end":{"line":26,"column":28}},"loc":{"start":{"line":26,"column":58},"end":{"line":47,"column":1}},"line":26},"4":{"name":"ensureProductSyncedWithPinecone","decl":{"start":{"line":49,"column":15},"end":{"line":49,"column":46}},"loc":{"start":{"line":49,"column":59},"end":{"line":80,"column":1}},"line":49},"5":{"name":"removeProductFromPinecone","decl":{"start":{"line":82,"column":15},"end":{"line":82,"column":40}},"loc":{"start":{"line":82,"column":52},"end":{"line":87,"column":1}},"line":82}},"branchMap":{"0":{"loc":{"start":{"line":7,"column":18},"end":{"line":7,"column":54}},"type":"binary-expr","locations":[{"start":{"line":7,"column":18},"end":{"line":7,"column":48}},{"start":{"line":7,"column":52},"end":{"line":7,"column":54}}],"line":7},"1":{"loc":{"start":{"line":10,"column":10},"end":{"line":10,"column":67}},"type":"binary-expr","locations":[{"start":{"line":10,"column":10},"end":{"line":10,"column":38}},{"start":{"line":10,"column":42},"end":{"line":10,"column":67}}],"line":10},"2":{"loc":{"start":{"line":13,"column":2},"end":{"line":13,"column":24}},"type":"if","locations":[{"start":{"line":13,"column":2},"end":{"line":13,"column":24}},{"start":{},"end":{}}],"line":13},"3":{"loc":{"start":{"line":14,"column":2},"end":{"line":14,"column":64}},"type":"if","locations":[{"start":{"line":14,"column":2},"end":{"line":14,"column":64}},{"start":{},"end":{}}],"line":14},"4":{"loc":{"start":{"line":27,"column":18},"end":{"line":27,"column":36}},"type":"binary-expr","locations":[{"start":{"line":27,"column":18},"end":{"line":27,"column":30}},{"start":{"line":27,"column":34},"end":{"line":27,"column":36}}],"line":27},"5":{"loc":{"start":{"line":27,"column":41},"end":{"line":27,"column":66}},"type":"binary-expr","locations":[{"start":{"line":27,"column":41},"end":{"line":27,"column":60}},{"start":{"line":27,"column":64},"end":{"line":27,"column":66}}],"line":27},"6":{"loc":{"start":{"line":28,"column":2},"end":{"line":28,"column":25}},"type":"if","locations":[{"start":{"line":28,"column":2},"end":{"line":28,"column":25}},{"start":{},"end":{}}],"line":28},"7":{"loc":{"start":{"line":33,"column":2},"end":{"line":33,"column":60}},"type":"if","locations":[{"start":{"line":33,"column":2},"end":{"line":33,"column":60}},{"start":{},"end":{}}],"line":33},"8":{"loc":{"start":{"line":33,"column":6},"end":{"line":33,"column":46}},"type":"binary-expr","locations":[{"start":{"line":33,"column":6},"end":{"line":33,"column":28}},{"start":{"line":33,"column":32},"end":{"line":33,"column":46}}],"line":33},"9":{"loc":{"start":{"line":44,"column":17},"end":{"line":44,"column":85}},"type":"cond-expr","locations":[{"start":{"line":44,"column":37},"end":{"line":44,"column":78}},{"start":{"line":44,"column":81},"end":{"line":44,"column":85}}],"line":44},"10":{"loc":{"start":{"line":50,"column":2},"end":{"line":50,"column":44}},"type":"if","locations":[{"start":{"line":50,"column":2},"end":{"line":50,"column":44}},{"start":{},"end":{}}],"line":50},"11":{"loc":{"start":{"line":52,"column":2},"end":{"line":52,"column":45}},"type":"if","locations":[{"start":{"line":52,"column":2},"end":{"line":52,"column":45}},{"start":{},"end":{}}],"line":52},"12":{"loc":{"start":{"line":52,"column":6},"end":{"line":52,"column":30}},"type":"binary-expr","locations":[{"start":{"line":52,"column":6},"end":{"line":52,"column":14}},{"start":{"line":52,"column":18},"end":{"line":52,"column":30}}],"line":52},"13":{"loc":{"start":{"line":56,"column":2},"end":{"line":56,"column":35}},"type":"if","locations":[{"start":{"line":56,"column":2},"end":{"line":56,"column":35}},{"start":{},"end":{}}],"line":56},"14":{"loc":{"start":{"line":60,"column":2},"end":{"line":66,"column":3}},"type":"if","locations":[{"start":{"line":60,"column":2},"end":{"line":66,"column":3}},{"start":{},"end":{}}],"line":60},"15":{"loc":{"start":{"line":68,"column":2},"end":{"line":77,"column":3}},"type":"if","locations":[{"start":{"line":68,"column":2},"end":{"line":77,"column":3}},{"start":{},"end":{}}],"line":68},"16":{"loc":{"start":{"line":70,"column":4},"end":{"line":76,"column":5}},"type":"if","locations":[{"start":{"line":70,"column":4},"end":{"line":76,"column":5}},{"start":{},"end":{}}],"line":70},"17":{"loc":{"start":{"line":83,"column":2},"end":{"line":83,"column":44}},"type":"if","locations":[{"start":{"line":83,"column":2},"end":{"line":83,"column":44}},{"start":{},"end":{}}],"line":83},"18":{"loc":{"start":{"line":84,"column":2},"end":{"line":84,"column":31}},"type":"if","locations":[{"start":{"line":84,"column":2},"end":{"line":84,"column":31}},{"start":{},"end":{}}],"line":84}},"s":{"0":14,"1":14,"2":14,"3":14,"4":14,"5":14,"6":8,"7":14,"8":4,"9":1,"10":3,"11":2,"12":1,"13":14,"14":1,"15":1,"16":1,"17":14,"18":2,"19":2,"20":0,"21":2,"22":2,"23":1,"24":1,"25":5,"26":1,"27":4,"28":4,"29":2,"30":2,"31":2,"32":2,"33":1,"34":1,"35":1,"36":1,"37":1,"38":1,"39":1,"40":1,"41":0,"42":1,"43":3,"44":1,"45":2,"46":1,"47":1,"48":1,"49":14},"f":{"0":8,"1":4,"2":1,"3":2,"4":5,"5":3},"b":{"0":[14,4],"1":[8,6],"2":[1,3],"3":[2,1],"4":[2,0],"5":[2,0],"6":[0,2],"7":[1,1],"8":[2,2],"9":[1,0],"10":[1,4],"11":[2,2],"12":[4,3],"13":[1,1],"14":[1,0],"15":[1,0],"16":[0,1],"17":[1,2],"18":[1,1]},"_coverageSchema":"1a1c01bbd47fc00a2c39e90264f33305004495a9","hash":"655f9b26264220e9866fd11aa245e0a3462d434a"}
}
