TN:
SF:pineconeClient.js
FN:7,(anonymous_0)
FN:27,(anonymous_1)
FN:35,(anonymous_2)
FN:40,(anonymous_3)
FN:53,(anonymous_4)
FN:64,(anonymous_5)
FN:74,(anonymous_6)
FN:84,(anonymous_7)
FN:92,(anonymous_8)
FNF:9
FNH:0
FNDA:0,(anonymous_0)
FNDA:0,(anonymous_1)
FNDA:0,(anonymous_2)
FNDA:0,(anonymous_3)
FNDA:0,(anonymous_4)
FNDA:0,(anonymous_5)
FNDA:0,(anonymous_6)
FNDA:0,(anonymous_7)
FNDA:0,(anonymous_8)
DA:1,4
DA:3,4
DA:7,4
DA:8,0
DA:9,0
DA:10,0
DA:13,0
DA:14,0
DA:15,0
DA:24,0
DA:27,4
DA:28,0
DA:29,0
DA:35,4
DA:36,0
DA:37,0
DA:40,4
DA:41,0
DA:42,0
DA:43,0
DA:45,0
DA:46,0
DA:48,0
DA:49,0
DA:53,4
DA:54,0
DA:55,0
DA:61,0
DA:64,4
DA:65,0
DA:71,0
DA:74,4
DA:75,0
DA:81,0
DA:84,4
DA:85,0
DA:86,0
DA:92,4
DA:93,0
DA:99,4
LF:40
LH:12
BRDA:3,0,0,4
BRDA:3,0,1,4
BRDA:9,1,0,0
BRDA:9,1,1,0
BRDA:9,2,0,0
BRDA:9,2,1,0
BRDA:13,3,0,0
BRDA:13,3,1,0
BRDA:21,4,0,0
BRDA:21,4,1,0
BRDA:27,5,0,0
BRDA:28,6,0,0
BRDA:28,6,1,0
BRDA:28,7,0,0
BRDA:28,7,1,0
BRDA:40,8,0,0
BRDA:43,9,0,0
BRDA:43,9,1,0
BRDA:45,10,0,0
BRDA:45,10,1,0
BRDA:48,11,0,0
BRDA:48,11,1,0
BRDA:53,12,0,0
BRDA:54,13,0,0
BRDA:54,13,1,0
BRDA:54,14,0,0
BRDA:54,14,1,0
BRDA:61,15,0,0
BRDA:61,15,1,0
BRDA:64,16,0,0
BRDA:64,17,0,0
BRDA:74,18,0,0
BRDA:74,19,0,0
BRDA:84,20,0,0
BRDA:85,21,0,0
BRDA:85,21,1,0
BRDA:85,22,0,0
BRDA:85,22,1,0
BRDA:92,23,0,0
BRF:39
BRH:2
end_of_record
TN:
SF:models/order.js
FN:97,advanceStatus
FN:127,ensureInitialStatus
FNF:2
FNH:0
FNDA:0,advanceStatus
FNDA:0,ensureInitialStatus
DA:1,1
DA:3,1
DA:61,1
DA:72,1
DA:82,1
DA:97,1
DA:98,0
DA:99,0
DA:102,0
DA:103,0
DA:104,0
DA:105,0
DA:107,0
DA:108,0
DA:109,0
DA:110,0
DA:118,0
DA:119,0
DA:120,0
DA:121,0
DA:124,0
DA:127,1
DA:128,0
DA:129,0
DA:130,0
DA:136,0
DA:140,1
DA:142,1
DA:143,1
LF:29
LH:10
BRDA:98,0,0,0
BRDA:98,0,1,0
BRDA:118,1,0,0
BRDA:118,1,1,0
BRDA:128,2,0,0
BRDA:128,2,1,0
BRF:6
BRH:0
end_of_record
TN:
SF:models/product.js
FN:63,(anonymous_0)
FN:64,(anonymous_1)
FN:68,(anonymous_2)
FN:74,(anonymous_3)
FN:77,(anonymous_4)
FN:80,(anonymous_5)
FN:84,(anonymous_6)
FN:88,(anonymous_7)
FN:94,(anonymous_8)
FN:97,(anonymous_9)
FN:100,(anonymous_10)
FN:104,(anonymous_11)
FN:107,(anonymous_12)
FN:110,(anonymous_13)
FN:113,(anonymous_14)
FN:116,(anonymous_15)
FNF:16
FNH:0
FNDA:0,(anonymous_0)
FNDA:0,(anonymous_1)
FNDA:0,(anonymous_2)
FNDA:0,(anonymous_3)
FNDA:0,(anonymous_4)
FNDA:0,(anonymous_5)
FNDA:0,(anonymous_6)
FNDA:0,(anonymous_7)
FNDA:0,(anonymous_8)
FNDA:0,(anonymous_9)
FNDA:0,(anonymous_10)
FNDA:0,(anonymous_11)
FNDA:0,(anonymous_12)
FNDA:0,(anonymous_13)
FNDA:0,(anonymous_14)
FNDA:0,(anonymous_15)
DA:1,3
DA:5,3
DA:7,3
DA:61,3
DA:63,3
DA:64,0
DA:65,0
DA:68,3
DA:69,0
DA:70,0
DA:71,0
DA:73,0
DA:75,0
DA:77,0
DA:80,3
DA:81,0
DA:82,0
DA:83,0
DA:84,0
DA:85,0
DA:88,3
DA:89,0
DA:90,0
DA:91,0
DA:93,0
DA:95,0
DA:97,0
DA:100,3
DA:101,0
DA:102,0
DA:103,0
DA:105,0
DA:107,0
DA:110,3
DA:111,0
DA:112,0
DA:114,0
DA:116,0
DA:119,3
DA:121,3
LF:40
LH:12
BRDA:64,0,0,0
BRDA:64,0,1,0
BRDA:71,1,0,0
BRDA:71,1,1,0
BRDA:81,2,0,0
BRDA:81,2,1,0
BRDA:82,3,0,0
BRDA:82,3,1,0
BRDA:91,4,0,0
BRDA:91,4,1,0
BRDA:91,5,0,0
BRDA:91,5,1,0
BRDA:101,6,0,0
BRDA:101,6,1,0
BRDA:102,7,0,0
BRDA:102,7,1,0
BRDA:111,8,0,0
BRDA:111,8,1,0
BRF:18
BRH:0
end_of_record
TN:
SF:models/user.js
FNF:0
FNH:0
DA:1,1
DA:3,1
DA:23,1
LF:3
LH:3
BRF:0
BRH:0
end_of_record
TN:
SF:routes/auth.js
FN:89,(anonymous_0)
FN:120,(anonymous_1)
FN:169,(anonymous_2)
FN:196,(anonymous_3)
FN:232,(anonymous_4)
FN:288,(anonymous_5)
FNF:6
FNH:6
FNDA:3,(anonymous_0)
FNDA:1,(anonymous_1)
FNDA:4,(anonymous_2)
FNDA:1,(anonymous_3)
FNDA:3,(anonymous_4)
FNDA:3,(anonymous_5)
DA:1,1
DA:2,1
DA:3,1
DA:4,1
DA:5,1
DA:6,1
DA:8,1
DA:82,1
DA:90,3
DA:91,3
DA:92,1
DA:95,2
DA:97,2
DA:98,2
DA:99,2
DA:100,1
DA:103,1
DA:109,1
DA:110,1
DA:112,1
DA:114,1
DA:120,1
DA:121,1
DA:122,1
DA:125,0
DA:126,0
DA:169,1
DA:170,4
DA:172,4
DA:173,1
DA:176,3
DA:178,3
DA:179,3
DA:181,3
DA:182,1
DA:185,2
DA:186,2
DA:187,1
DA:190,1
DA:196,1
DA:197,1
DA:198,1
DA:201,0
DA:202,0
DA:232,1
DA:233,3
DA:235,3
DA:236,1
DA:239,2
DA:241,2
DA:242,2
DA:244,2
DA:245,1
DA:248,1
DA:250,0
DA:251,0
DA:285,1
DA:289,3
DA:291,3
DA:292,1
DA:295,2
DA:297,2
DA:298,2
DA:300,2
DA:301,1
DA:304,1
DA:305,1
DA:306,1
DA:308,1
DA:310,0
DA:311,0
DA:316,1
LF:72
LH:64
BRDA:91,0,0,1
BRDA:91,0,1,2
BRDA:99,1,0,1
BRDA:99,1,1,1
BRDA:121,2,0,0
BRDA:121,2,1,1
BRDA:172,3,0,1
BRDA:172,3,1,3
BRDA:181,4,0,1
BRDA:181,4,1,2
BRDA:186,5,0,1
BRDA:186,5,1,1
BRDA:197,6,0,0
BRDA:197,6,1,1
BRDA:235,7,0,1
BRDA:235,7,1,2
BRDA:244,8,0,1
BRDA:244,8,1,1
BRDA:291,9,0,1
BRDA:291,9,1,2
BRDA:300,10,0,1
BRDA:300,10,1,1
BRF:22
BRH:20
end_of_record
TN:
SF:routes/checkout.js
FN:13,generateOrderNumber
FN:133,(anonymous_1)
FN:189,(anonymous_2)
FN:196,(anonymous_3)
FN:198,(anonymous_4)
FN:209,(anonymous_5)
FN:228,(anonymous_6)
FNF:7
FNH:1
FNDA:0,generateOrderNumber
FNDA:5,(anonymous_1)
FNDA:0,(anonymous_2)
FNDA:0,(anonymous_3)
FNDA:0,(anonymous_4)
FNDA:0,(anonymous_5)
FNDA:0,(anonymous_6)
DA:1,1
DA:2,1
DA:3,1
DA:4,1
DA:5,1
DA:7,1
DA:9,1
DA:11,1
DA:14,0
DA:15,0
DA:17,0
DA:18,0
DA:19,0
DA:22,0
DA:133,1
DA:134,5
DA:135,5
DA:137,5
DA:138,1
DA:141,4
DA:142,4
DA:143,4
DA:145,4
DA:146,0
DA:149,4
DA:150,1
DA:153,3
DA:154,3
DA:155,3
DA:156,3
DA:158,3
DA:159,0
DA:162,3
DA:163,1
DA:166,2
DA:167,1
DA:170,1
DA:171,1
DA:174,0
DA:175,0
DA:176,0
DA:177,0
DA:179,0
DA:180,0
DA:183,0
DA:189,0
DA:190,0
DA:192,0
DA:193,0
DA:196,0
DA:198,0
DA:199,0
DA:200,0
DA:209,0
DA:211,0
DA:212,0
DA:214,0
DA:224,0
DA:226,0
DA:228,0
DA:230,0
DA:240,0
DA:241,0
DA:245,1
LF:64
LH:31
BRDA:9,0,0,1
BRDA:9,0,1,0
BRDA:18,1,0,0
BRDA:18,1,1,0
BRDA:137,2,0,1
BRDA:137,2,1,4
BRDA:137,3,0,5
BRDA:137,3,1,5
BRDA:137,3,2,4
BRDA:137,3,3,4
BRDA:137,3,4,4
BRDA:137,3,5,4
BRDA:137,3,6,4
BRDA:137,3,7,4
BRDA:137,3,8,4
BRDA:145,4,0,0
BRDA:145,4,1,4
BRDA:145,5,0,4
BRDA:145,5,1,4
BRDA:149,6,0,1
BRDA:149,6,1,3
BRDA:158,7,0,0
BRDA:158,7,1,3
BRDA:162,8,0,1
BRDA:162,8,1,2
BRDA:166,9,0,1
BRDA:166,9,1,1
BRDA:170,10,0,1
BRDA:170,10,1,0
BRDA:176,11,0,0
BRDA:176,11,1,0
BRDA:177,12,0,0
BRDA:177,12,1,0
BRDA:177,13,0,0
BRDA:177,13,1,0
BRDA:179,14,0,0
BRDA:179,14,1,0
BRDA:179,15,0,0
BRDA:179,15,1,0
BRDA:192,16,0,0
BRDA:192,16,1,0
BRF:41
BRH:23
end_of_record
TN:
SF:routes/products.js
FN:9,(anonymous_0)
FN:19,(anonymous_1)
FN:33,(anonymous_2)
FN:39,(anonymous_3)
FN:51,(anonymous_4)
FN:58,(anonymous_5)
FN:74,(anonymous_6)
FN:87,(anonymous_7)
FN:99,(anonymous_8)
FN:113,(anonymous_9)
FN:123,(anonymous_10)
FN:123,(anonymous_11)
FN:147,(anonymous_12)
FN:148,(anonymous_13)
FN:149,(anonymous_14)
FN:159,(anonymous_15)
FN:166,(anonymous_16)
FN:190,(anonymous_17)
FN:195,(anonymous_18)
FN:198,(anonymous_19)
FN:203,(anonymous_20)
FN:209,(anonymous_21)
FN:250,(anonymous_22)
FN:254,(anonymous_23)
FN:257,(anonymous_24)
FN:267,(anonymous_25)
FN:291,(anonymous_26)
FN:291,(anonymous_27)
FN:392,(anonymous_28)
FN:396,(anonymous_29)
FN:434,(anonymous_30)
FN:487,(anonymous_31)
FN:534,(anonymous_32)
FN:569,(anonymous_33)
FN:611,(anonymous_34)
FNF:35
FNH:5
FNDA:0,(anonymous_0)
FNDA:0,(anonymous_1)
FNDA:0,(anonymous_2)
FNDA:0,(anonymous_3)
FNDA:0,(anonymous_4)
FNDA:0,(anonymous_5)
FNDA:0,(anonymous_6)
FNDA:0,(anonymous_7)
FNDA:0,(anonymous_8)
FNDA:0,(anonymous_9)
FNDA:0,(anonymous_10)
FNDA:0,(anonymous_11)
FNDA:0,(anonymous_12)
FNDA:0,(anonymous_13)
FNDA:0,(anonymous_14)
FNDA:0,(anonymous_15)
FNDA:0,(anonymous_16)
FNDA:0,(anonymous_17)
FNDA:0,(anonymous_18)
FNDA:0,(anonymous_19)
FNDA:0,(anonymous_20)
FNDA:0,(anonymous_21)
FNDA:0,(anonymous_22)
FNDA:0,(anonymous_23)
FNDA:0,(anonymous_24)
FNDA:0,(anonymous_25)
FNDA:0,(anonymous_26)
FNDA:0,(anonymous_27)
FNDA:2,(anonymous_28)
FNDA:2,(anonymous_29)
FNDA:0,(anonymous_30)
FNDA:0,(anonymous_31)
FNDA:3,(anonymous_32)
FNDA:2,(anonymous_33)
FNDA:3,(anonymous_34)
DA:1,1
DA:2,1
DA:3,1
DA:4,1
DA:6,1
DA:7,1
DA:9,1
DA:10,0
DA:11,0
DA:12,0
DA:15,1
DA:17,1
DA:19,1
DA:33,1
DA:34,0
DA:39,1
DA:40,0
DA:41,0
DA:42,0
DA:43,0
DA:44,0
DA:45,0
DA:47,0
DA:48,0
DA:51,1
DA:52,0
DA:53,0
DA:54,0
DA:55,0
DA:58,1
DA:59,0
DA:61,0
DA:62,0
DA:64,0
DA:65,0
DA:67,0
DA:68,0
DA:69,0
DA:71,0
DA:74,1
DA:75,0
DA:76,0
DA:83,0
DA:84,0
DA:87,0
DA:88,0
DA:92,0
DA:93,0
DA:94,0
DA:96,0
DA:99,1
DA:100,0
DA:101,0
DA:106,0
DA:107,0
DA:110,0
DA:113,1
DA:114,0
DA:115,0
DA:116,0
DA:117,0
DA:118,0
DA:119,0
DA:120,0
DA:123,0
DA:125,0
DA:126,0
DA:127,0
DA:128,0
DA:129,0
DA:130,0
DA:131,0
DA:132,0
DA:135,0
DA:136,0
DA:139,0
DA:140,0
DA:141,0
DA:144,0
DA:147,1
DA:148,0
DA:149,0
DA:150,0
DA:151,0
DA:152,0
DA:153,0
DA:154,0
DA:155,0
DA:158,0
DA:160,0
DA:161,0
DA:162,0
DA:164,0
DA:166,0
DA:168,0
DA:169,0
DA:170,0
DA:171,0
DA:172,0
DA:173,0
DA:174,0
DA:175,0
DA:178,0
DA:179,0
DA:182,0
DA:183,0
DA:184,0
DA:187,0
DA:190,1
DA:191,0
DA:192,0
DA:194,0
DA:195,0
DA:197,0
DA:198,0
DA:203,1
DA:204,0
DA:205,0
DA:206,0
DA:209,1
DA:210,0
DA:211,0
DA:213,0
DA:215,0
DA:216,0
DA:218,0
DA:221,0
DA:222,0
DA:223,0
DA:224,0
DA:226,0
DA:227,0
DA:231,0
DA:232,0
DA:233,0
DA:235,0
DA:236,0
DA:237,0
DA:238,0
DA:239,0
DA:240,0
DA:243,0
DA:245,0
DA:246,0
DA:250,1
DA:251,0
DA:253,0
DA:254,0
DA:255,0
DA:257,0
DA:259,0
DA:260,0
DA:261,0
DA:263,0
DA:264,0
DA:267,0
DA:268,0
DA:269,0
DA:272,0
DA:273,0
DA:274,0
DA:275,0
DA:276,0
DA:277,0
DA:279,0
DA:283,0
DA:284,0
DA:286,0
DA:287,0
DA:291,0
DA:293,0
DA:295,0
DA:296,0
DA:297,0
DA:298,0
DA:300,0
DA:302,0
DA:303,0
DA:304,0
DA:305,0
DA:306,0
DA:307,0
DA:308,0
DA:309,0
DA:310,0
DA:311,0
DA:314,0
DA:316,0
DA:317,0
DA:392,1
DA:393,2
DA:394,2
DA:396,2
DA:401,1
DA:403,1
DA:434,1
DA:435,0
DA:436,0
DA:437,0
DA:438,0
DA:441,0
DA:442,0
DA:443,0
DA:446,0
DA:448,0
DA:449,0
DA:487,1
DA:488,0
DA:489,0
DA:490,0
DA:491,0
DA:494,0
DA:495,0
DA:496,0
DA:499,0
DA:500,0
DA:501,0
DA:504,0
DA:506,0
DA:507,0
DA:534,1
DA:535,3
DA:536,3
DA:537,2
DA:538,1
DA:540,1
DA:542,1
DA:569,1
DA:570,2
DA:571,2
DA:572,1
DA:574,1
DA:611,1
DA:612,3
DA:613,3
DA:614,3
DA:616,2
DA:617,1
DA:621,1
DA:622,1
DA:623,1
DA:626,1
DA:627,1
DA:629,1
DA:630,1
DA:632,1
DA:636,1
LF:247
LH:57
BRDA:10,0,0,0
BRDA:10,0,1,0
BRDA:10,1,0,0
BRDA:10,1,1,0
BRDA:11,2,0,0
BRDA:11,2,1,0
BRDA:11,3,0,0
BRDA:11,3,1,0
BRDA:34,4,0,0
BRDA:34,4,1,0
BRDA:40,5,0,0
BRDA:40,5,1,0
BRDA:40,6,0,0
BRDA:40,6,1,0
BRDA:45,7,0,0
BRDA:45,7,1,0
BRDA:48,8,0,0
BRDA:48,8,1,0
BRDA:52,9,0,0
BRDA:52,9,1,0
BRDA:52,10,0,0
BRDA:52,10,1,0
BRDA:61,11,0,0
BRDA:61,11,1,0
BRDA:61,12,0,0
BRDA:61,12,1,0
BRDA:61,12,2,0
BRDA:62,13,0,0
BRDA:62,13,1,0
BRDA:62,14,0,0
BRDA:62,14,1,0
BRDA:62,14,2,0
BRDA:74,15,0,0
BRDA:83,16,0,0
BRDA:83,16,1,0
BRDA:83,17,0,0
BRDA:83,17,1,0
BRDA:106,18,0,0
BRDA:106,18,1,0
BRDA:113,19,0,0
BRDA:115,20,0,0
BRDA:115,20,1,0
BRDA:117,21,0,0
BRDA:117,21,1,0
BRDA:119,22,0,0
BRDA:119,22,1,0
BRDA:129,23,0,0
BRDA:129,23,1,0
BRDA:132,24,0,0
BRDA:132,24,1,0
BRDA:135,25,0,0
BRDA:135,25,1,0
BRDA:140,26,0,0
BRDA:140,26,1,0
BRDA:147,27,0,0
BRDA:150,28,0,0
BRDA:150,28,1,0
BRDA:152,29,0,0
BRDA:152,29,1,0
BRDA:154,30,0,0
BRDA:154,30,1,0
BRDA:172,31,0,0
BRDA:172,31,1,0
BRDA:175,32,0,0
BRDA:175,32,1,0
BRDA:178,33,0,0
BRDA:178,33,1,0
BRDA:183,34,0,0
BRDA:183,34,1,0
BRDA:192,35,0,0
BRDA:192,35,1,0
BRDA:204,36,0,0
BRDA:204,36,1,0
BRDA:205,37,0,0
BRDA:205,37,1,0
BRDA:205,38,0,0
BRDA:205,38,1,0
BRDA:206,39,0,0
BRDA:206,39,1,0
BRDA:209,40,0,0
BRDA:210,41,0,0
BRDA:210,41,1,0
BRDA:211,42,0,0
BRDA:211,42,1,0
BRDA:218,43,0,0
BRDA:218,43,1,0
BRDA:221,44,0,0
BRDA:221,44,1,0
BRDA:221,45,0,0
BRDA:221,45,1,0
BRDA:221,45,2,0
BRDA:231,46,0,0
BRDA:231,46,1,0
BRDA:237,47,0,0
BRDA:237,47,1,0
BRDA:237,48,0,0
BRDA:237,48,1,0
BRDA:240,49,0,0
BRDA:240,49,1,0
BRDA:250,50,0,0
BRDA:251,51,0,0
BRDA:251,51,1,0
BRDA:254,52,0,0
BRDA:254,52,1,0
BRDA:255,53,0,0
BRDA:255,53,1,0
BRDA:263,54,0,0
BRDA:263,54,1,0
BRDA:269,55,0,0
BRDA:269,55,1,0
BRDA:272,56,0,0
BRDA:272,56,1,0
BRDA:275,57,0,0
BRDA:275,57,1,0
BRDA:291,58,0,0
BRDA:291,58,1,0
BRDA:293,59,0,0
BRDA:293,59,1,0
BRDA:302,60,0,0
BRDA:308,61,0,0
BRDA:308,61,1,0
BRDA:308,62,0,0
BRDA:308,62,1,0
BRDA:308,62,2,0
BRDA:311,63,0,0
BRDA:311,63,1,0
BRDA:437,64,0,0
BRDA:437,64,1,0
BRDA:442,65,0,0
BRDA:442,65,1,0
BRDA:490,66,0,0
BRDA:490,66,1,0
BRDA:490,67,0,0
BRDA:490,67,1,0
BRDA:495,68,0,0
BRDA:495,68,1,0
BRDA:500,69,0,0
BRDA:500,69,1,0
BRDA:537,70,0,1
BRDA:537,70,1,1
BRDA:616,71,0,1
BRDA:616,71,1,1
BRF:142
BRH:4
end_of_record
TN:
SF:routes/search.js
FN:65,(anonymous_0)
FNF:1
FNH:1
FNDA:3,(anonymous_0)
DA:1,1
DA:2,1
DA:3,1
DA:65,1
DA:66,3
DA:67,3
DA:69,3
DA:73,2
DA:75,1
DA:76,1
DA:80,1
LF:11
LH:11
BRF:0
BRH:0
end_of_record
TN:
SF:services/embeddingService.js
FN:15,(anonymous_0)
FN:28,(anonymous_1)
FN:31,(anonymous_2)
FN:34,(anonymous_3)
FN:54,(anonymous_4)
FNF:5
FNH:5
FNDA:2,(anonymous_0)
FNDA:1,(anonymous_1)
FNDA:768,(anonymous_2)
FNDA:3,(anonymous_3)
FNDA:2,(anonymous_4)
DA:1,5
DA:3,5
DA:5,5
DA:6,5
DA:8,5
DA:15,5
DA:16,2
DA:18,1
DA:19,1
DA:20,0
DA:23,1
DA:24,1
DA:25,1
DA:28,5
DA:29,1
DA:30,1
DA:31,768
DA:34,5
DA:35,3
DA:43,3
DA:44,2
DA:47,3
DA:48,1
DA:51,3
DA:54,5
DA:55,2
DA:56,2
DA:58,2
DA:61,2
DA:63,2
DA:64,1
DA:69,1
DA:72,5
LF:33
LH:32
BRDA:16,0,0,1
BRDA:16,0,1,1
BRDA:19,1,0,0
BRDA:19,1,1,1
BRDA:30,2,0,0
BRDA:30,2,1,1
BRDA:34,3,0,0
BRDA:43,4,0,2
BRDA:43,4,1,1
BRDA:47,5,0,1
BRDA:47,5,1,2
BRDA:54,6,0,1
BRDA:56,7,0,0
BRDA:56,7,1,2
BRDA:63,8,0,1
BRDA:63,8,1,1
BRDA:63,9,0,2
BRDA:63,9,1,2
BRDA:65,10,0,1
BRDA:65,10,1,0
BRF:20
BRH:15
end_of_record
TN:
SF:services/pineconeSync.js
FN:9,(anonymous_0)
FN:12,(anonymous_1)
FN:18,(anonymous_2)
FN:26,(anonymous_3)
FN:49,ensureProductSyncedWithPinecone
FN:82,removeProductFromPinecone
FNF:6
FNH:0
FNDA:0,(anonymous_0)
FNDA:0,(anonymous_1)
FNDA:0,(anonymous_2)
FNDA:0,(anonymous_3)
FNDA:0,ensureProductSyncedWithPinecone
FNDA:0,removeProductFromPinecone
DA:1,4
DA:3,4
DA:4,4
DA:5,4
DA:7,4
DA:9,4
DA:10,0
DA:12,4
DA:13,0
DA:14,0
DA:15,0
DA:18,4
DA:19,0
DA:20,0
DA:22,0
DA:26,4
DA:27,0
DA:28,0
DA:29,0
DA:33,0
DA:34,0
DA:50,0
DA:51,0
DA:52,0
DA:54,0
DA:55,0
DA:56,0
DA:58,0
DA:60,0
DA:61,0
DA:62,0
DA:68,0
DA:69,0
DA:70,0
DA:71,0
DA:79,0
DA:83,0
DA:84,0
DA:85,0
DA:86,0
DA:89,4
LF:41
LH:10
BRDA:7,0,0,4
BRDA:7,0,1,4
BRDA:10,1,0,0
BRDA:10,1,1,0
BRDA:13,2,0,0
BRDA:13,2,1,0
BRDA:14,3,0,0
BRDA:14,3,1,0
BRDA:27,4,0,0
BRDA:27,4,1,0
BRDA:27,5,0,0
BRDA:27,5,1,0
BRDA:28,6,0,0
BRDA:28,6,1,0
BRDA:33,7,0,0
BRDA:33,7,1,0
BRDA:33,8,0,0
BRDA:33,8,1,0
BRDA:44,9,0,0
BRDA:44,9,1,0
BRDA:50,10,0,0
BRDA:50,10,1,0
BRDA:52,11,0,0
BRDA:52,11,1,0
BRDA:52,12,0,0
BRDA:52,12,1,0
BRDA:56,13,0,0
BRDA:56,13,1,0
BRDA:60,14,0,0
BRDA:60,14,1,0
BRDA:68,15,0,0
BRDA:68,15,1,0
BRDA:70,16,0,0
BRDA:70,16,1,0
BRDA:83,17,0,0
BRDA:83,17,1,0
BRDA:84,18,0,0
BRDA:84,18,1,0
BRF:38
BRH:2
end_of_record
